05-Nov-2023 20:41:33.876 INFO [main] org.apache.catalina.startup.VersionLoggerListener.log Nombre de la versión del servidor: Apache Tomcat/10.1.13
05-Nov-2023 20:41:33.885 INFO [main] org.apache.catalina.startup.VersionLoggerListener.log Server built:                      Aug 23 2023 21:34:59 UTC
05-Nov-2023 20:41:33.886 INFO [main] org.apache.catalina.startup.VersionLoggerListener.log Número de versión de servidor:     10.1.13.0
05-Nov-2023 20:41:33.886 INFO [main] org.apache.catalina.startup.VersionLoggerListener.log OS Name:                           Windows 10
05-Nov-2023 20:41:33.886 INFO [main] org.apache.catalina.startup.VersionLoggerListener.log Versión de Systema Operativo:      10.0
05-Nov-2023 20:41:33.900 INFO [main] org.apache.catalina.startup.VersionLoggerListener.log Arquitectura:                      amd64
05-Nov-2023 20:41:33.900 INFO [main] org.apache.catalina.startup.VersionLoggerListener.log Java Home:                         C:\Program Files\Java\jdk-17
05-Nov-2023 20:41:33.901 INFO [main] org.apache.catalina.startup.VersionLoggerListener.log JVM Version:                       17.0.8+9-LTS-211
05-Nov-2023 20:41:33.902 INFO [main] org.apache.catalina.startup.VersionLoggerListener.log Vededor JVM:                       Oracle Corporation
05-Nov-2023 20:41:33.902 INFO [main] org.apache.catalina.startup.VersionLoggerListener.log CATALINA_BASE:                     C:\Librerias\apache-tomcat-10.1.13
05-Nov-2023 20:41:33.902 INFO [main] org.apache.catalina.startup.VersionLoggerListener.log CATALINA_HOME:                     C:\Librerias\apache-tomcat-10.1.13
05-Nov-2023 20:41:33.925 INFO [main] org.apache.catalina.startup.VersionLoggerListener.log Command line argument:             -Djava.util.logging.config.file=C:\Librerias\apache-tomcat-10.1.13\conf\logging.properties
05-Nov-2023 20:41:33.925 INFO [main] org.apache.catalina.startup.VersionLoggerListener.log Command line argument:             -Djava.util.logging.manager=org.apache.juli.ClassLoaderLogManager
05-Nov-2023 20:41:33.925 INFO [main] org.apache.catalina.startup.VersionLoggerListener.log Command line argument:             -Dhttp.nonProxyHosts=localhost|127.0.0.1|DESKTOP-TAMCEBV
05-Nov-2023 20:41:33.926 INFO [main] org.apache.catalina.startup.VersionLoggerListener.log Command line argument:             -Djdk.tls.ephemeralDHKeySize=2048
05-Nov-2023 20:41:33.926 INFO [main] org.apache.catalina.startup.VersionLoggerListener.log Command line argument:             -Djava.protocol.handler.pkgs=org.apache.catalina.webresources
05-Nov-2023 20:41:33.926 INFO [main] org.apache.catalina.startup.VersionLoggerListener.log Command line argument:             --add-opens=java.base/java.lang=ALL-UNNAMED
05-Nov-2023 20:41:33.926 INFO [main] org.apache.catalina.startup.VersionLoggerListener.log Command line argument:             --add-opens=java.base/java.io=ALL-UNNAMED
05-Nov-2023 20:41:33.926 INFO [main] org.apache.catalina.startup.VersionLoggerListener.log Command line argument:             --add-opens=java.base/java.util=ALL-UNNAMED
05-Nov-2023 20:41:33.926 INFO [main] org.apache.catalina.startup.VersionLoggerListener.log Command line argument:             --add-opens=java.base/java.util.concurrent=ALL-UNNAMED
05-Nov-2023 20:41:33.926 INFO [main] org.apache.catalina.startup.VersionLoggerListener.log Command line argument:             --add-opens=java.rmi/sun.rmi.transport=ALL-UNNAMED
05-Nov-2023 20:41:33.927 INFO [main] org.apache.catalina.startup.VersionLoggerListener.log Command line argument:             -Dcatalina.base=C:\Librerias\apache-tomcat-10.1.13
05-Nov-2023 20:41:33.927 INFO [main] org.apache.catalina.startup.VersionLoggerListener.log Command line argument:             -Dcatalina.home=C:\Librerias\apache-tomcat-10.1.13
05-Nov-2023 20:41:33.927 INFO [main] org.apache.catalina.startup.VersionLoggerListener.log Command line argument:             -Djava.io.tmpdir=C:\Librerias\apache-tomcat-10.1.13\temp
05-Nov-2023 20:41:33.996 INFO [main] org.apache.catalina.core.AprLifecycleListener.lifecycleEvent Cargada la biblioteca nativa APR de Apache Tomcat [2.0.5] con la versión APR [1.7.4].
05-Nov-2023 20:41:34.020 INFO [main] org.apache.catalina.core.AprLifecycleListener.initializeSSL OpenSSL inicializado correctamente [OpenSSL 3.0.10 1 Aug 2023]
05-Nov-2023 20:41:34.485 INFO [main] org.apache.coyote.AbstractProtocol.init Inicializando el manejador de protocolo ["http-nio-8080"]

05-Nov-2023 20:41:34.596 INFO [main] org.apache.catalina.startup.Catalina.load Server initialization in [1102] milliseconds
05-Nov-2023 20:41:34.818 INFO [main] org.apache.catalina.core.StandardService.startInternal Arrancando servicio [Catalina]
05-Nov-2023 20:41:34.826 INFO [main] org.apache.catalina.core.StandardEngine.startInternal Starting Servlet engine: [Apache Tomcat/10.1.13]
05-Nov-2023 20:41:34.838 INFO [main] org.apache.catalina.startup.HostConfig.deployDescriptor Desplieque del descriptor de configuración [C:\Librerias\apache-tomcat-10.1.13\conf\Catalina\localhost\Act8_ApiPost.xml]
05-Nov-2023 20:41:34.899 WARNING [main] org.apache.catalina.startup.HostConfig.deployDescriptor The path attribute with value [/Act8_ApiPost] in deployment descriptor [C:\Librerias\apache-tomcat-10.1.13\conf\Catalina\localhost\Act8_ApiPost.xml] has been ignored
05-Nov-2023 20:41:34.995 SEVERE [main] org.apache.catalina.startup.HostConfig.deployDescriptor Error durante el despliegue del descriptor de configuración [C:\Librerias\apache-tomcat-10.1.13\conf\Catalina\localhost\Act8_ApiPost.xml]
	java.lang.IllegalStateException: Error starting child
		at org.apache.catalina.core.ContainerBase.addChildInternal(ContainerBase.java:686)
		at org.apache.catalina.core.ContainerBase.addChild(ContainerBase.java:658)
		at org.apache.catalina.core.StandardHost.addChild(StandardHost.java:713)
		at org.apache.catalina.startup.HostConfig.deployDescriptor(HostConfig.java:641)
		at org.apache.catalina.startup.HostConfig$DeployDescriptor.run(HostConfig.java:1927)
		at java.base/java.util.concurrent.Executors$RunnableAdapter.call(Executors.java:539)
		at java.base/java.util.concurrent.FutureTask.run(FutureTask.java:264)
		at org.apache.tomcat.util.threads.InlineExecutorService.execute(InlineExecutorService.java:75)
		at java.base/java.util.concurrent.AbstractExecutorService.submit(AbstractExecutorService.java:123)
		at org.apache.catalina.startup.HostConfig.deployDescriptors(HostConfig.java:534)
		at org.apache.catalina.startup.HostConfig.deployApps(HostConfig.java:424)
		at org.apache.catalina.startup.HostConfig.start(HostConfig.java:1656)
		at org.apache.catalina.startup.HostConfig.lifecycleEvent(HostConfig.java:309)
		at org.apache.catalina.util.LifecycleBase.fireLifecycleEvent(LifecycleBase.java:114)
		at org.apache.catalina.util.LifecycleBase.setStateInternal(LifecycleBase.java:402)
		at org.apache.catalina.util.LifecycleBase.setState(LifecycleBase.java:345)
		at org.apache.catalina.core.ContainerBase.startInternal(ContainerBase.java:893)
		at org.apache.catalina.core.StandardHost.startInternal(StandardHost.java:846)
		at org.apache.catalina.util.LifecycleBase.start(LifecycleBase.java:171)
		at org.apache.catalina.core.ContainerBase$StartChild.call(ContainerBase.java:1332)
		at org.apache.catalina.core.ContainerBase$StartChild.call(ContainerBase.java:1322)
		at java.base/java.util.concurrent.FutureTask.run(FutureTask.java:264)
		at org.apache.tomcat.util.threads.InlineExecutorService.execute(InlineExecutorService.java:75)
		at java.base/java.util.concurrent.AbstractExecutorService.submit(AbstractExecutorService.java:145)
		at org.apache.catalina.core.ContainerBase.startInternal(ContainerBase.java:866)
		at org.apache.catalina.core.StandardEngine.startInternal(StandardEngine.java:241)
		at org.apache.catalina.util.LifecycleBase.start(LifecycleBase.java:171)
		at org.apache.catalina.core.StandardService.startInternal(StandardService.java:433)
		at org.apache.catalina.util.LifecycleBase.start(LifecycleBase.java:171)
		at org.apache.catalina.core.StandardServer.startInternal(StandardServer.java:918)
		at org.apache.catalina.util.LifecycleBase.start(LifecycleBase.java:171)
		at org.apache.catalina.startup.Catalina.start(Catalina.java:795)
		at java.base/jdk.internal.reflect.NativeMethodAccessorImpl.invoke0(Native Method)
		at java.base/jdk.internal.reflect.NativeMethodAccessorImpl.invoke(NativeMethodAccessorImpl.java:77)
		at java.base/jdk.internal.reflect.DelegatingMethodAccessorImpl.invoke(DelegatingMethodAccessorImpl.java:43)
		at java.base/java.lang.reflect.Method.invoke(Method.java:568)
		at org.apache.catalina.startup.Bootstrap.start(Bootstrap.java:347)
		at org.apache.catalina.startup.Bootstrap.main(Bootstrap.java:478)
	Caused by: org.apache.catalina.LifecycleException: Failed to start component [org.apache.catalina.webresources.StandardRoot@448c8166]
		at org.apache.catalina.util.LifecycleBase.handleSubClassException(LifecycleBase.java:419)
		at org.apache.catalina.util.LifecycleBase.start(LifecycleBase.java:186)
		at org.apache.catalina.core.StandardContext.resourcesStart(StandardContext.java:4535)
		at org.apache.catalina.core.StandardContext.startInternal(StandardContext.java:4668)
		at org.apache.catalina.util.LifecycleBase.start(LifecycleBase.java:171)
		at org.apache.catalina.core.ContainerBase.addChildInternal(ContainerBase.java:683)
		... 37 more
	Caused by: java.lang.IllegalArgumentException: The main resource set specified [C:\Users\Diego UTL\Documents\NetBeansProjects\Act8_ApiPost\build\web] is not a directory or war file, or is not readable (it does not exist or permissions to access it are missing)
		at org.apache.catalina.webresources.StandardRoot.createMainResourceSet(StandardRoot.java:749)
		at org.apache.catalina.webresources.StandardRoot.startInternal(StandardRoot.java:707)
		at org.apache.catalina.util.LifecycleBase.start(LifecycleBase.java:171)
		... 41 more
05-Nov-2023 20:41:35.143 INFO [main] org.apache.catalina.startup.HostConfig.deployDescriptor Deployment of deployment descriptor [C:\Librerias\apache-tomcat-10.1.13\conf\Catalina\localhost\Act8_ApiPost.xml] has finished in [303] ms
05-Nov-2023 20:41:35.143 INFO [main] org.apache.catalina.startup.HostConfig.deployDescriptor Desplieque del descriptor de configuración [C:\Librerias\apache-tomcat-10.1.13\conf\Catalina\localhost\Act8_Post.xml]
05-Nov-2023 20:41:35.282 WARNING [main] org.apache.catalina.startup.HostConfig.deployDescriptor The path attribute with value [/Act8_Post] in deployment descriptor [C:\Librerias\apache-tomcat-10.1.13\conf\Catalina\localhost\Act8_Post.xml] has been ignored
05-Nov-2023 20:41:38.263 INFO [main] org.apache.jasper.servlet.TldScanner.scanJars Al menos un JAR, que se ha explorado buscando TLDs, aún no contenía TLDs. Activar historial de depuración para este historiador para una completa lista de los JARs que fueron explorados y de los que nos se halló TLDs. Saltarse JARs no necesarios durante la exploración puede dar lugar a una mejora de tiempo significativa en el arranque y compilación de JSP .
05-Nov-2023 20:41:38.501 INFO [main] org.apache.catalina.startup.HostConfig.deployDescriptor Deployment of deployment descriptor [C:\Librerias\apache-tomcat-10.1.13\conf\Catalina\localhost\Act8_Post.xml] has finished in [3.357] ms
05-Nov-2023 20:41:38.501 INFO [main] org.apache.catalina.startup.HostConfig.deployDescriptor Desplieque del descriptor de configuración [C:\Librerias\apache-tomcat-10.1.13\conf\Catalina\localhost\Api_Post.xml]
05-Nov-2023 20:41:38.503 WARNING [main] org.apache.catalina.startup.HostConfig.deployDescriptor The path attribute with value [/Api_Post] in deployment descriptor [C:\Librerias\apache-tomcat-10.1.13\conf\Catalina\localhost\Api_Post.xml] has been ignored
05-Nov-2023 20:41:40.147 INFO [main] org.apache.jasper.servlet.TldScanner.scanJars Al menos un JAR, que se ha explorado buscando TLDs, aún no contenía TLDs. Activar historial de depuración para este historiador para una completa lista de los JARs que fueron explorados y de los que nos se halló TLDs. Saltarse JARs no necesarios durante la exploración puede dar lugar a una mejora de tiempo significativa en el arranque y compilación de JSP .
05-Nov-2023 20:41:40.193 INFO [main] org.apache.catalina.startup.HostConfig.deployDescriptor Deployment of deployment descriptor [C:\Librerias\apache-tomcat-10.1.13\conf\Catalina\localhost\Api_Post.xml] has finished in [1.692] ms
05-Nov-2023 20:41:40.193 INFO [main] org.apache.catalina.startup.HostConfig.deployDescriptor Desplieque del descriptor de configuración [C:\Librerias\apache-tomcat-10.1.13\conf\Catalina\localhost\ConectaBD.xml]
05-Nov-2023 20:41:40.195 WARNING [main] org.apache.catalina.startup.HostConfig.deployDescriptor The path attribute with value [/ConectaBD] in deployment descriptor [C:\Librerias\apache-tomcat-10.1.13\conf\Catalina\localhost\ConectaBD.xml] has been ignored
05-Nov-2023 20:41:41.859 INFO [main] org.apache.jasper.servlet.TldScanner.scanJars Al menos un JAR, que se ha explorado buscando TLDs, aún no contenía TLDs. Activar historial de depuración para este historiador para una completa lista de los JARs que fueron explorados y de los que nos se halló TLDs. Saltarse JARs no necesarios durante la exploración puede dar lugar a una mejora de tiempo significativa en el arranque y compilación de JSP .
05-Nov-2023 20:41:41.891 INFO [main] org.apache.catalina.startup.HostConfig.deployDescriptor Deployment of deployment descriptor [C:\Librerias\apache-tomcat-10.1.13\conf\Catalina\localhost\ConectaBD.xml] has finished in [1.698] ms
05-Nov-2023 20:41:41.891 INFO [main] org.apache.catalina.startup.HostConfig.deployDescriptor Desplieque del descriptor de configuración [C:\Librerias\apache-tomcat-10.1.13\conf\Catalina\localhost\ConversionDivisas.xml]
05-Nov-2023 20:41:41.891 WARNING [main] org.apache.catalina.startup.HostConfig.deployDescriptor The path attribute with value [/ConversionDivisas] in deployment descriptor [C:\Librerias\apache-tomcat-10.1.13\conf\Catalina\localhost\ConversionDivisas.xml] has been ignored
05-Nov-2023 20:41:42.955 INFO [main] org.apache.jasper.servlet.TldScanner.scanJars Al menos un JAR, que se ha explorado buscando TLDs, aún no contenía TLDs. Activar historial de depuración para este historiador para una completa lista de los JARs que fueron explorados y de los que nos se halló TLDs. Saltarse JARs no necesarios durante la exploración puede dar lugar a una mejora de tiempo significativa en el arranque y compilación de JSP .
05-Nov-2023 20:41:42.989 INFO [main] org.apache.catalina.startup.HostConfig.deployDescriptor Deployment of deployment descriptor [C:\Librerias\apache-tomcat-10.1.13\conf\Catalina\localhost\ConversionDivisas.xml] has finished in [1.097] ms
05-Nov-2023 20:41:42.989 INFO [main] org.apache.catalina.startup.HostConfig.deployDescriptor Desplieque del descriptor de configuración [C:\Librerias\apache-tomcat-10.1.13\conf\Catalina\localhost\Hola_API.xml]
05-Nov-2023 20:41:42.992 WARNING [main] org.apache.catalina.startup.HostConfig.deployDescriptor The path attribute with value [/Hola_API] in deployment descriptor [C:\Librerias\apache-tomcat-10.1.13\conf\Catalina\localhost\Hola_API.xml] has been ignored
05-Nov-2023 20:41:44.075 INFO [main] org.apache.jasper.servlet.TldScanner.scanJars Al menos un JAR, que se ha explorado buscando TLDs, aún no contenía TLDs. Activar historial de depuración para este historiador para una completa lista de los JARs que fueron explorados y de los que nos se halló TLDs. Saltarse JARs no necesarios durante la exploración puede dar lugar a una mejora de tiempo significativa en el arranque y compilación de JSP .
05-Nov-2023 20:41:44.110 INFO [main] org.apache.catalina.startup.HostConfig.deployDescriptor Deployment of deployment descriptor [C:\Librerias\apache-tomcat-10.1.13\conf\Catalina\localhost\Hola_API.xml] has finished in [1.121] ms
05-Nov-2023 20:41:44.110 INFO [main] org.apache.catalina.startup.HostConfig.deployDescriptor Desplieque del descriptor de configuración [C:\Librerias\apache-tomcat-10.1.13\conf\Catalina\localhost\Post_Practica.xml]
05-Nov-2023 20:41:44.111 WARNING [main] org.apache.catalina.startup.HostConfig.deployDescriptor The path attribute with value [/Post_Practica] in deployment descriptor [C:\Librerias\apache-tomcat-10.1.13\conf\Catalina\localhost\Post_Practica.xml] has been ignored
05-Nov-2023 20:41:45.275 INFO [main] org.apache.jasper.servlet.TldScanner.scanJars Al menos un JAR, que se ha explorado buscando TLDs, aún no contenía TLDs. Activar historial de depuración para este historiador para una completa lista de los JARs que fueron explorados y de los que nos se halló TLDs. Saltarse JARs no necesarios durante la exploración puede dar lugar a una mejora de tiempo significativa en el arranque y compilación de JSP .
05-Nov-2023 20:41:45.306 INFO [main] org.apache.catalina.startup.HostConfig.deployDescriptor Deployment of deployment descriptor [C:\Librerias\apache-tomcat-10.1.13\conf\Catalina\localhost\Post_Practica.xml] has finished in [1.196] ms
05-Nov-2023 20:41:45.306 INFO [main] org.apache.catalina.startup.HostConfig.deployDescriptor Desplieque del descriptor de configuración [C:\Librerias\apache-tomcat-10.1.13\conf\Catalina\localhost\SignoZodiacoApi.xml]
05-Nov-2023 20:41:45.322 WARNING [main] org.apache.catalina.startup.HostConfig.deployDescriptor The path attribute with value [/SignoZodiacoApi] in deployment descriptor [C:\Librerias\apache-tomcat-10.1.13\conf\Catalina\localhost\SignoZodiacoApi.xml] has been ignored
05-Nov-2023 20:41:46.513 INFO [main] org.apache.jasper.servlet.TldScanner.scanJars Al menos un JAR, que se ha explorado buscando TLDs, aún no contenía TLDs. Activar historial de depuración para este historiador para una completa lista de los JARs que fueron explorados y de los que nos se halló TLDs. Saltarse JARs no necesarios durante la exploración puede dar lugar a una mejora de tiempo significativa en el arranque y compilación de JSP .
05-Nov-2023 20:41:46.548 INFO [main] org.apache.catalina.startup.HostConfig.deployDescriptor Deployment of deployment descriptor [C:\Librerias\apache-tomcat-10.1.13\conf\Catalina\localhost\SignoZodiacoApi.xml] has finished in [1.242] ms
05-Nov-2023 20:41:46.549 INFO [main] org.apache.catalina.startup.HostConfig.deployDirectory Desplegando el directorio [C:\Librerias\apache-tomcat-10.1.13\webapps\docs] de la aplicación web
05-Nov-2023 20:41:46.581 INFO [main] org.apache.catalina.startup.HostConfig.deployDirectory Deployment of web application directory [C:\Librerias\apache-tomcat-10.1.13\webapps\docs] has finished in [32] ms
05-Nov-2023 20:41:46.581 INFO [main] org.apache.catalina.startup.HostConfig.deployDirectory Desplegando el directorio [C:\Librerias\apache-tomcat-10.1.13\webapps\examples] de la aplicación web
05-Nov-2023 20:41:47.481 INFO [main] org.apache.catalina.startup.HostConfig.deployDirectory Deployment of web application directory [C:\Librerias\apache-tomcat-10.1.13\webapps\examples] has finished in [899] ms
05-Nov-2023 20:41:47.482 INFO [main] org.apache.catalina.startup.HostConfig.deployDirectory Desplegando el directorio [C:\Librerias\apache-tomcat-10.1.13\webapps\host-manager] de la aplicación web
05-Nov-2023 20:41:47.561 INFO [main] org.apache.catalina.startup.HostConfig.deployDirectory Deployment of web application directory [C:\Librerias\apache-tomcat-10.1.13\webapps\host-manager] has finished in [79] ms
05-Nov-2023 20:41:47.561 INFO [main] org.apache.catalina.startup.HostConfig.deployDirectory Desplegando el directorio [C:\Librerias\apache-tomcat-10.1.13\webapps\manager] de la aplicación web
05-Nov-2023 20:41:47.619 INFO [main] org.apache.catalina.startup.HostConfig.deployDirectory Deployment of web application directory [C:\Librerias\apache-tomcat-10.1.13\webapps\manager] has finished in [58] ms
05-Nov-2023 20:41:47.629 INFO [main] org.apache.catalina.startup.HostConfig.deployDirectory Desplegando el directorio [C:\Librerias\apache-tomcat-10.1.13\webapps\ROOT] de la aplicación web
05-Nov-2023 20:41:47.657 INFO [main] org.apache.catalina.startup.HostConfig.deployDirectory Deployment of web application directory [C:\Librerias\apache-tomcat-10.1.13\webapps\ROOT] has finished in [29] ms
05-Nov-2023 20:41:47.661 INFO [main] org.apache.coyote.AbstractProtocol.start Starting ProtocolHandler ["http-nio-8080"]
05-Nov-2023 20:41:47.751 INFO [main] org.apache.catalina.startup.Catalina.start Server startup in [13153] milliseconds
05-Nov-2023 20:44:26.859 WARNING [http-nio-8080-exec-6] org.glassfish.jersey.message.internal.MessagingBinders$EnabledProvidersBinder.bindToBinder A class jakarta.activation.DataSource for a default provider MessageBodyWriter<jakarta.activation.DataSource> was not found. The provider is not available.
05-Nov-2023 20:44:26.909 WARNING [http-nio-8080-exec-6] org.glassfish.jersey.server.wadl.WadlFeature.configure JAX-B API not found . WADL feature is disabled.
05-Nov-2023 21:07:45.504 INFO [http-nio-8080-exec-10] org.apache.catalina.core.StandardContext.reload Ha comenzado la recarga de Contexto [/ConectaBD]
05-Nov-2023 21:07:45.689 WARNING [http-nio-8080-exec-10] org.apache.catalina.loader.WebappClassLoaderBase.clearReferencesJdbc La aplicación web [ConectaBD] registró el conductor JDBC [com.mysql.cj.jdbc.Driver] pero falló al anular el registro mientras la aplicación web estaba parada. Para prevenir un fallo de memoria, se ha anulado el registro del conductor JDBC por la fuerza.
05-Nov-2023 21:07:45.691 WARNING [http-nio-8080-exec-10] org.apache.catalina.loader.WebappClassLoaderBase.clearReferencesThreads The web application [ConectaBD] appears to have started a thread named [mysql-cj-abandoned-connection-cleanup] but has failed to stop it. This is very likely to create a memory leak. Stack trace of thread:
 java.base@17.0.8/java.lang.Object.wait(Native Method)
 java.base@17.0.8/java.lang.ref.ReferenceQueue.remove(ReferenceQueue.java:155)
 com.mysql.cj.jdbc.AbandonedConnectionCleanupThread.run(AbandonedConnectionCleanupThread.java:91)
 java.base@17.0.8/java.util.concurrent.ThreadPoolExecutor.runWorker(ThreadPoolExecutor.java:1136)
 java.base@17.0.8/java.util.concurrent.ThreadPoolExecutor$Worker.run(ThreadPoolExecutor.java:635)
 java.base@17.0.8/java.lang.Thread.run(Thread.java:833)
05-Nov-2023 21:07:47.858 INFO [mysql-cj-abandoned-connection-cleanup] org.apache.catalina.loader.WebappClassLoaderBase.checkStateForResourceLoading Acceso ilegal: esta instancia de aplicación web ya ha sido parada.  Could not load [].  La eventual traza de pila que sigue ha sido motivada por un error lanzado con motivos de depuración así como para intentar terminar el hilo que motivó el acceso ilegal y no tiene impacto funcional.
	java.lang.IllegalStateException: Acceso ilegal: esta instancia de aplicación web ya ha sido parada.  Could not load [].  La eventual traza de pila que sigue ha sido motivada por un error lanzado con motivos de depuración así como para intentar terminar el hilo que motivó el acceso ilegal y no tiene impacto funcional.
		at org.apache.catalina.loader.WebappClassLoaderBase.checkStateForResourceLoading(WebappClassLoaderBase.java:1457)
		at org.apache.catalina.loader.WebappClassLoaderBase.getResource(WebappClassLoaderBase.java:1047)
		at com.mysql.cj.jdbc.AbandonedConnectionCleanupThread.checkThreadContextClassLoader(AbandonedConnectionCleanupThread.java:123)
		at com.mysql.cj.jdbc.AbandonedConnectionCleanupThread.run(AbandonedConnectionCleanupThread.java:90)
		at java.base/java.util.concurrent.ThreadPoolExecutor.runWorker(ThreadPoolExecutor.java:1136)
		at java.base/java.util.concurrent.ThreadPoolExecutor$Worker.run(ThreadPoolExecutor.java:635)
		at java.base/java.lang.Thread.run(Thread.java:833)
05-Nov-2023 21:07:49.187 INFO [http-nio-8080-exec-10] org.apache.jasper.servlet.TldScanner.scanJars Al menos un JAR, que se ha explorado buscando TLDs, aún no contenía TLDs. Activar historial de depuración para este historiador para una completa lista de los JARs que fueron explorados y de los que nos se halló TLDs. Saltarse JARs no necesarios durante la exploración puede dar lugar a una mejora de tiempo significativa en el arranque y compilación de JSP .
05-Nov-2023 21:07:49.450 INFO [http-nio-8080-exec-10] org.apache.catalina.core.StandardContext.reload Se ha completado la recarga de este Contexto
05-Nov-2023 21:07:49.981 INFO [http-nio-8080-exec-8] org.apache.catalina.core.StandardContext.reload Ha comenzado la recarga de Contexto [/ConectaBD]
05-Nov-2023 21:07:52.593 INFO [http-nio-8080-exec-8] org.apache.jasper.servlet.TldScanner.scanJars Al menos un JAR, que se ha explorado buscando TLDs, aún no contenía TLDs. Activar historial de depuración para este historiador para una completa lista de los JARs que fueron explorados y de los que nos se halló TLDs. Saltarse JARs no necesarios durante la exploración puede dar lugar a una mejora de tiempo significativa en el arranque y compilación de JSP .
05-Nov-2023 21:07:52.642 INFO [http-nio-8080-exec-8] org.apache.catalina.core.StandardContext.reload Se ha completado la recarga de este Contexto
05-Nov-2023 21:12:43.674 INFO [http-nio-8080-exec-13] org.apache.catalina.core.StandardContext.reload Ha comenzado la recarga de Contexto [/ConectaBD]
05-Nov-2023 21:12:45.780 INFO [http-nio-8080-exec-13] org.apache.jasper.servlet.TldScanner.scanJars Al menos un JAR, que se ha explorado buscando TLDs, aún no contenía TLDs. Activar historial de depuración para este historiador para una completa lista de los JARs que fueron explorados y de los que nos se halló TLDs. Saltarse JARs no necesarios durante la exploración puede dar lugar a una mejora de tiempo significativa en el arranque y compilación de JSP .
05-Nov-2023 21:12:45.821 INFO [http-nio-8080-exec-13] org.apache.catalina.core.StandardContext.reload Se ha completado la recarga de este Contexto
05-Nov-2023 21:13:39.232 INFO [http-nio-8080-exec-19] org.apache.catalina.core.StandardContext.reload Ha comenzado la recarga de Contexto [/ConectaBD]
05-Nov-2023 21:13:42.406 INFO [http-nio-8080-exec-19] org.apache.jasper.servlet.TldScanner.scanJars Al menos un JAR, que se ha explorado buscando TLDs, aún no contenía TLDs. Activar historial de depuración para este historiador para una completa lista de los JARs que fueron explorados y de los que nos se halló TLDs. Saltarse JARs no necesarios durante la exploración puede dar lugar a una mejora de tiempo significativa en el arranque y compilación de JSP .
05-Nov-2023 21:13:42.444 INFO [http-nio-8080-exec-19] org.apache.catalina.core.StandardContext.reload Se ha completado la recarga de este Contexto
05-Nov-2023 21:13:42.451 INFO [http-nio-8080-exec-19] org.apache.catalina.core.StandardContext.reload Ha comenzado la recarga de Contexto [/ConectaBD]
05-Nov-2023 21:13:43.922 INFO [http-nio-8080-exec-19] org.apache.jasper.servlet.TldScanner.scanJars Al menos un JAR, que se ha explorado buscando TLDs, aún no contenía TLDs. Activar historial de depuración para este historiador para una completa lista de los JARs que fueron explorados y de los que nos se halló TLDs. Saltarse JARs no necesarios durante la exploración puede dar lugar a una mejora de tiempo significativa en el arranque y compilación de JSP .
05-Nov-2023 21:13:43.955 INFO [http-nio-8080-exec-19] org.apache.catalina.core.StandardContext.reload Se ha completado la recarga de este Contexto
05-Nov-2023 21:14:04.540 WARNING [http-nio-8080-exec-24] org.glassfish.jersey.message.internal.MessagingBinders$EnabledProvidersBinder.bindToBinder A class jakarta.activation.DataSource for a default provider MessageBodyWriter<jakarta.activation.DataSource> was not found. The provider is not available.
05-Nov-2023 21:14:04.586 WARNING [http-nio-8080-exec-24] org.glassfish.jersey.server.wadl.WadlFeature.configure JAX-B API not found . WADL feature is disabled.
05-Nov-2023 21:24:52.764 INFO [http-nio-8080-exec-29] org.apache.catalina.core.StandardContext.reload Ha comenzado la recarga de Contexto [/ConectaBD]
05-Nov-2023 21:24:52.827 WARNING [http-nio-8080-exec-29] org.apache.catalina.loader.WebappClassLoaderBase.clearReferencesJdbc La aplicación web [ConectaBD] registró el conductor JDBC [com.mysql.cj.jdbc.Driver] pero falló al anular el registro mientras la aplicación web estaba parada. Para prevenir un fallo de memoria, se ha anulado el registro del conductor JDBC por la fuerza.
05-Nov-2023 21:24:52.829 WARNING [http-nio-8080-exec-29] org.apache.catalina.loader.WebappClassLoaderBase.clearReferencesThreads The web application [ConectaBD] appears to have started a thread named [mysql-cj-abandoned-connection-cleanup] but has failed to stop it. This is very likely to create a memory leak. Stack trace of thread:
 java.base@17.0.8/java.lang.Object.wait(Native Method)
 java.base@17.0.8/java.lang.ref.ReferenceQueue.remove(ReferenceQueue.java:155)
 com.mysql.cj.jdbc.AbandonedConnectionCleanupThread.run(AbandonedConnectionCleanupThread.java:91)
 java.base@17.0.8/java.util.concurrent.ThreadPoolExecutor.runWorker(ThreadPoolExecutor.java:1136)
 java.base@17.0.8/java.util.concurrent.ThreadPoolExecutor$Worker.run(ThreadPoolExecutor.java:635)
 java.base@17.0.8/java.lang.Thread.run(Thread.java:833)
05-Nov-2023 21:24:54.459 INFO [mysql-cj-abandoned-connection-cleanup] org.apache.catalina.loader.WebappClassLoaderBase.checkStateForResourceLoading Acceso ilegal: esta instancia de aplicación web ya ha sido parada.  Could not load [].  La eventual traza de pila que sigue ha sido motivada por un error lanzado con motivos de depuración así como para intentar terminar el hilo que motivó el acceso ilegal y no tiene impacto funcional.
	java.lang.IllegalStateException: Acceso ilegal: esta instancia de aplicación web ya ha sido parada.  Could not load [].  La eventual traza de pila que sigue ha sido motivada por un error lanzado con motivos de depuración así como para intentar terminar el hilo que motivó el acceso ilegal y no tiene impacto funcional.
		at org.apache.catalina.loader.WebappClassLoaderBase.checkStateForResourceLoading(WebappClassLoaderBase.java:1457)
		at org.apache.catalina.loader.WebappClassLoaderBase.getResource(WebappClassLoaderBase.java:1047)
		at com.mysql.cj.jdbc.AbandonedConnectionCleanupThread.checkThreadContextClassLoader(AbandonedConnectionCleanupThread.java:123)
		at com.mysql.cj.jdbc.AbandonedConnectionCleanupThread.run(AbandonedConnectionCleanupThread.java:90)
		at java.base/java.util.concurrent.ThreadPoolExecutor.runWorker(ThreadPoolExecutor.java:1136)
		at java.base/java.util.concurrent.ThreadPoolExecutor$Worker.run(ThreadPoolExecutor.java:635)
		at java.base/java.lang.Thread.run(Thread.java:833)
05-Nov-2023 21:24:54.460 INFO [mysql-cj-abandoned-connection-cleanup] org.apache.catalina.loader.WebappClassLoaderBase.checkStateForResourceLoading Acceso ilegal: esta instancia de aplicación web ya ha sido parada.  Could not load [].  La eventual traza de pila que sigue ha sido motivada por un error lanzado con motivos de depuración así como para intentar terminar el hilo que motivó el acceso ilegal y no tiene impacto funcional.
	java.lang.IllegalStateException: Acceso ilegal: esta instancia de aplicación web ya ha sido parada.  Could not load [].  La eventual traza de pila que sigue ha sido motivada por un error lanzado con motivos de depuración así como para intentar terminar el hilo que motivó el acceso ilegal y no tiene impacto funcional.
		at org.apache.catalina.loader.WebappClassLoaderBase.checkStateForResourceLoading(WebappClassLoaderBase.java:1457)
		at org.apache.catalina.loader.WebappClassLoaderBase.getResource(WebappClassLoaderBase.java:1047)
		at com.mysql.cj.jdbc.AbandonedConnectionCleanupThread.checkThreadContextClassLoader(AbandonedConnectionCleanupThread.java:123)
		at com.mysql.cj.jdbc.AbandonedConnectionCleanupThread.run(AbandonedConnectionCleanupThread.java:90)
		at java.base/java.util.concurrent.ThreadPoolExecutor.runWorker(ThreadPoolExecutor.java:1136)
		at java.base/java.util.concurrent.ThreadPoolExecutor$Worker.run(ThreadPoolExecutor.java:635)
		at java.base/java.lang.Thread.run(Thread.java:833)
05-Nov-2023 21:24:54.460 INFO [mysql-cj-abandoned-connection-cleanup] org.apache.catalina.loader.WebappClassLoaderBase.checkStateForResourceLoading Acceso ilegal: esta instancia de aplicación web ya ha sido parada.  Could not load [].  La eventual traza de pila que sigue ha sido motivada por un error lanzado con motivos de depuración así como para intentar terminar el hilo que motivó el acceso ilegal y no tiene impacto funcional.
	java.lang.IllegalStateException: Acceso ilegal: esta instancia de aplicación web ya ha sido parada.  Could not load [].  La eventual traza de pila que sigue ha sido motivada por un error lanzado con motivos de depuración así como para intentar terminar el hilo que motivó el acceso ilegal y no tiene impacto funcional.
		at org.apache.catalina.loader.WebappClassLoaderBase.checkStateForResourceLoading(WebappClassLoaderBase.java:1457)
		at org.apache.catalina.loader.WebappClassLoaderBase.getResource(WebappClassLoaderBase.java:1047)
		at com.mysql.cj.jdbc.AbandonedConnectionCleanupThread.checkThreadContextClassLoader(AbandonedConnectionCleanupThread.java:123)
		at com.mysql.cj.jdbc.AbandonedConnectionCleanupThread.run(AbandonedConnectionCleanupThread.java:90)
		at java.base/java.util.concurrent.ThreadPoolExecutor.runWorker(ThreadPoolExecutor.java:1136)
		at java.base/java.util.concurrent.ThreadPoolExecutor$Worker.run(ThreadPoolExecutor.java:635)
		at java.base/java.lang.Thread.run(Thread.java:833)
05-Nov-2023 21:24:54.629 INFO [mysql-cj-abandoned-connection-cleanup] org.apache.catalina.loader.WebappClassLoaderBase.checkStateForResourceLoading Acceso ilegal: esta instancia de aplicación web ya ha sido parada.  Could not load [].  La eventual traza de pila que sigue ha sido motivada por un error lanzado con motivos de depuración así como para intentar terminar el hilo que motivó el acceso ilegal y no tiene impacto funcional.
	java.lang.IllegalStateException: Acceso ilegal: esta instancia de aplicación web ya ha sido parada.  Could not load [].  La eventual traza de pila que sigue ha sido motivada por un error lanzado con motivos de depuración así como para intentar terminar el hilo que motivó el acceso ilegal y no tiene impacto funcional.
		at org.apache.catalina.loader.WebappClassLoaderBase.checkStateForResourceLoading(WebappClassLoaderBase.java:1457)
		at org.apache.catalina.loader.WebappClassLoaderBase.getResource(WebappClassLoaderBase.java:1047)
		at com.mysql.cj.jdbc.AbandonedConnectionCleanupThread.checkThreadContextClassLoader(AbandonedConnectionCleanupThread.java:123)
		at com.mysql.cj.jdbc.AbandonedConnectionCleanupThread.run(AbandonedConnectionCleanupThread.java:90)
		at java.base/java.util.concurrent.ThreadPoolExecutor.runWorker(ThreadPoolExecutor.java:1136)
		at java.base/java.util.concurrent.ThreadPoolExecutor$Worker.run(ThreadPoolExecutor.java:635)
		at java.base/java.lang.Thread.run(Thread.java:833)
05-Nov-2023 21:24:57.997 INFO [http-nio-8080-exec-29] org.apache.jasper.servlet.TldScanner.scanJars Al menos un JAR, que se ha explorado buscando TLDs, aún no contenía TLDs. Activar historial de depuración para este historiador para una completa lista de los JARs que fueron explorados y de los que nos se halló TLDs. Saltarse JARs no necesarios durante la exploración puede dar lugar a una mejora de tiempo significativa en el arranque y compilación de JSP .
05-Nov-2023 21:24:58.052 INFO [http-nio-8080-exec-29] org.apache.catalina.core.StandardContext.reload Se ha completado la recarga de este Contexto
05-Nov-2023 21:24:58.396 INFO [http-nio-8080-exec-32] org.apache.catalina.core.StandardContext.reload Ha comenzado la recarga de Contexto [/ConectaBD]
05-Nov-2023 21:25:00.476 INFO [http-nio-8080-exec-32] org.apache.jasper.servlet.TldScanner.scanJars Al menos un JAR, que se ha explorado buscando TLDs, aún no contenía TLDs. Activar historial de depuración para este historiador para una completa lista de los JARs que fueron explorados y de los que nos se halló TLDs. Saltarse JARs no necesarios durante la exploración puede dar lugar a una mejora de tiempo significativa en el arranque y compilación de JSP .
05-Nov-2023 21:25:00.507 INFO [http-nio-8080-exec-32] org.apache.catalina.core.StandardContext.reload Se ha completado la recarga de este Contexto
05-Nov-2023 21:25:17.866 INFO [http-nio-8080-exec-30] org.apache.catalina.core.StandardContext.reload Ha comenzado la recarga de Contexto [/ConectaBD]
05-Nov-2023 21:25:19.684 INFO [http-nio-8080-exec-30] org.apache.jasper.servlet.TldScanner.scanJars Al menos un JAR, que se ha explorado buscando TLDs, aún no contenía TLDs. Activar historial de depuración para este historiador para una completa lista de los JARs que fueron explorados y de los que nos se halló TLDs. Saltarse JARs no necesarios durante la exploración puede dar lugar a una mejora de tiempo significativa en el arranque y compilación de JSP .
05-Nov-2023 21:25:19.743 INFO [http-nio-8080-exec-30] org.apache.catalina.core.StandardContext.reload Se ha completado la recarga de este Contexto
05-Nov-2023 21:25:29.047 INFO [http-nio-8080-exec-34] org.apache.catalina.core.StandardContext.reload Ha comenzado la recarga de Contexto [/ConectaBD]
05-Nov-2023 21:25:30.850 INFO [http-nio-8080-exec-34] org.apache.jasper.servlet.TldScanner.scanJars Al menos un JAR, que se ha explorado buscando TLDs, aún no contenía TLDs. Activar historial de depuración para este historiador para una completa lista de los JARs que fueron explorados y de los que nos se halló TLDs. Saltarse JARs no necesarios durante la exploración puede dar lugar a una mejora de tiempo significativa en el arranque y compilación de JSP .
05-Nov-2023 21:25:30.883 INFO [http-nio-8080-exec-34] org.apache.catalina.core.StandardContext.reload Se ha completado la recarga de este Contexto
05-Nov-2023 21:26:28.908 INFO [http-nio-8080-exec-31] org.apache.catalina.core.StandardContext.reload Ha comenzado la recarga de Contexto [/ConectaBD]
05-Nov-2023 21:26:33.791 INFO [http-nio-8080-exec-31] org.apache.jasper.servlet.TldScanner.scanJars Al menos un JAR, que se ha explorado buscando TLDs, aún no contenía TLDs. Activar historial de depuración para este historiador para una completa lista de los JARs que fueron explorados y de los que nos se halló TLDs. Saltarse JARs no necesarios durante la exploración puede dar lugar a una mejora de tiempo significativa en el arranque y compilación de JSP .
05-Nov-2023 21:26:33.938 INFO [http-nio-8080-exec-31] org.apache.catalina.core.StandardContext.reload Se ha completado la recarga de este Contexto
05-Nov-2023 21:26:34.388 INFO [http-nio-8080-exec-26] org.apache.catalina.core.StandardContext.reload Ha comenzado la recarga de Contexto [/ConectaBD]
05-Nov-2023 21:26:35.992 INFO [http-nio-8080-exec-26] org.apache.jasper.servlet.TldScanner.scanJars Al menos un JAR, que se ha explorado buscando TLDs, aún no contenía TLDs. Activar historial de depuración para este historiador para una completa lista de los JARs que fueron explorados y de los que nos se halló TLDs. Saltarse JARs no necesarios durante la exploración puede dar lugar a una mejora de tiempo significativa en el arranque y compilación de JSP .
05-Nov-2023 21:26:36.028 INFO [http-nio-8080-exec-26] org.apache.catalina.core.StandardContext.reload Se ha completado la recarga de este Contexto
05-Nov-2023 21:32:16.544 INFO [http-nio-8080-exec-45] org.apache.catalina.core.StandardContext.reload Ha comenzado la recarga de Contexto [/ConectaBD]
05-Nov-2023 21:32:19.082 INFO [http-nio-8080-exec-45] org.apache.jasper.servlet.TldScanner.scanJars Al menos un JAR, que se ha explorado buscando TLDs, aún no contenía TLDs. Activar historial de depuración para este historiador para una completa lista de los JARs que fueron explorados y de los que nos se halló TLDs. Saltarse JARs no necesarios durante la exploración puede dar lugar a una mejora de tiempo significativa en el arranque y compilación de JSP .
05-Nov-2023 21:32:19.149 INFO [http-nio-8080-exec-45] org.apache.catalina.core.StandardContext.reload Se ha completado la recarga de este Contexto
05-Nov-2023 21:33:12.285 INFO [http-nio-8080-exec-51] org.apache.catalina.core.StandardContext.reload Ha comenzado la recarga de Contexto [/ConectaBD]
05-Nov-2023 21:33:14.335 INFO [http-nio-8080-exec-51] org.apache.jasper.servlet.TldScanner.scanJars Al menos un JAR, que se ha explorado buscando TLDs, aún no contenía TLDs. Activar historial de depuración para este historiador para una completa lista de los JARs que fueron explorados y de los que nos se halló TLDs. Saltarse JARs no necesarios durante la exploración puede dar lugar a una mejora de tiempo significativa en el arranque y compilación de JSP .
05-Nov-2023 21:33:14.373 INFO [http-nio-8080-exec-51] org.apache.catalina.core.StandardContext.reload Se ha completado la recarga de este Contexto
05-Nov-2023 21:33:35.819 INFO [http-nio-8080-exec-52] org.apache.catalina.core.StandardContext.reload Ha comenzado la recarga de Contexto [/ConectaBD]
05-Nov-2023 21:33:39.439 INFO [http-nio-8080-exec-52] org.apache.jasper.servlet.TldScanner.scanJars Al menos un JAR, que se ha explorado buscando TLDs, aún no contenía TLDs. Activar historial de depuración para este historiador para una completa lista de los JARs que fueron explorados y de los que nos se halló TLDs. Saltarse JARs no necesarios durante la exploración puede dar lugar a una mejora de tiempo significativa en el arranque y compilación de JSP .
05-Nov-2023 21:33:39.479 INFO [http-nio-8080-exec-52] org.apache.catalina.core.StandardContext.reload Se ha completado la recarga de este Contexto
05-Nov-2023 21:33:40.042 INFO [http-nio-8080-exec-55] org.apache.catalina.core.StandardContext.reload Ha comenzado la recarga de Contexto [/ConectaBD]
05-Nov-2023 21:33:41.648 INFO [http-nio-8080-exec-55] org.apache.jasper.servlet.TldScanner.scanJars Al menos un JAR, que se ha explorado buscando TLDs, aún no contenía TLDs. Activar historial de depuración para este historiador para una completa lista de los JARs que fueron explorados y de los que nos se halló TLDs. Saltarse JARs no necesarios durante la exploración puede dar lugar a una mejora de tiempo significativa en el arranque y compilación de JSP .
05-Nov-2023 21:33:41.682 INFO [http-nio-8080-exec-55] org.apache.catalina.core.StandardContext.reload Se ha completado la recarga de este Contexto
05-Nov-2023 21:34:13.266 WARNING [http-nio-8080-exec-46] org.glassfish.jersey.message.internal.MessagingBinders$EnabledProvidersBinder.bindToBinder A class jakarta.activation.DataSource for a default provider MessageBodyWriter<jakarta.activation.DataSource> was not found. The provider is not available.
05-Nov-2023 21:34:13.306 WARNING [http-nio-8080-exec-46] org.glassfish.jersey.server.wadl.WadlFeature.configure JAX-B API not found . WADL feature is disabled.
05-Nov-2023 21:53:43.656 INFO [main] org.apache.catalina.core.StandardServer.await Se ha recibido un comando de apagado a través del puerto de apagado. Parando la instancia del Servidor.
05-Nov-2023 21:53:43.656 INFO [main] org.apache.coyote.AbstractProtocol.pause Pausing ProtocolHandler ["http-nio-8080"]
05-Nov-2023 21:53:43.677 INFO [main] org.apache.catalina.core.StandardService.stopInternal Parando servicio [Catalina]
05-Nov-2023 21:53:44.140 WARNING [main] org.apache.catalina.loader.WebappClassLoaderBase.clearReferencesJdbc La aplicación web [ConectaBD] registró el conductor JDBC [com.mysql.cj.jdbc.Driver] pero falló al anular el registro mientras la aplicación web estaba parada. Para prevenir un fallo de memoria, se ha anulado el registro del conductor JDBC por la fuerza.
05-Nov-2023 21:53:44.141 WARNING [main] org.apache.catalina.loader.WebappClassLoaderBase.clearReferencesThreads The web application [ConectaBD] appears to have started a thread named [mysql-cj-abandoned-connection-cleanup] but has failed to stop it. This is very likely to create a memory leak. Stack trace of thread:
 java.base@17.0.8/java.lang.Object.wait(Native Method)
 java.base@17.0.8/java.lang.ref.ReferenceQueue.remove(ReferenceQueue.java:155)
 com.mysql.cj.jdbc.AbandonedConnectionCleanupThread.run(AbandonedConnectionCleanupThread.java:91)
 java.base@17.0.8/java.util.concurrent.ThreadPoolExecutor.runWorker(ThreadPoolExecutor.java:1136)
 java.base@17.0.8/java.util.concurrent.ThreadPoolExecutor$Worker.run(ThreadPoolExecutor.java:635)
 java.base@17.0.8/java.lang.Thread.run(Thread.java:833)
05-Nov-2023 21:53:44.145 INFO [main] org.apache.coyote.AbstractProtocol.stop Stopping ProtocolHandler ["http-nio-8080"]
05-Nov-2023 21:53:44.162 INFO [main] org.apache.coyote.AbstractProtocol.destroy Destroying ProtocolHandler ["http-nio-8080"]
