11-Jan-2024 07:36:44.577 INFO [main] org.apache.catalina.startup.VersionLoggerListener.log Nombre de la versión del servidor: Apache Tomcat/10.1.13
11-Jan-2024 07:36:44.593 INFO [main] org.apache.catalina.startup.VersionLoggerListener.log Server built:                      Aug 23 2023 21:34:59 UTC
11-Jan-2024 07:36:44.593 INFO [main] org.apache.catalina.startup.VersionLoggerListener.log Número de versión de servidor:     10.1.13.0
11-Jan-2024 07:36:44.593 INFO [main] org.apache.catalina.startup.VersionLoggerListener.log OS Name:                           Windows 10
11-Jan-2024 07:36:44.593 INFO [main] org.apache.catalina.startup.VersionLoggerListener.log Versión de Systema Operativo:      10.0
11-Jan-2024 07:36:44.593 INFO [main] org.apache.catalina.startup.VersionLoggerListener.log Arquitectura:                      amd64
11-Jan-2024 07:36:44.593 INFO [main] org.apache.catalina.startup.VersionLoggerListener.log Java Home:                         C:\Program Files\Java\jdk-17
11-Jan-2024 07:36:44.593 INFO [main] org.apache.catalina.startup.VersionLoggerListener.log JVM Version:                       17.0.8+9-LTS-211
11-Jan-2024 07:36:44.593 INFO [main] org.apache.catalina.startup.VersionLoggerListener.log Vededor JVM:                       Oracle Corporation
11-Jan-2024 07:36:44.593 INFO [main] org.apache.catalina.startup.VersionLoggerListener.log CATALINA_BASE:                     C:\Librerias\apache-tomcat-10.1.13
11-Jan-2024 07:36:44.593 INFO [main] org.apache.catalina.startup.VersionLoggerListener.log CATALINA_HOME:                     C:\Librerias\apache-tomcat-10.1.13
11-Jan-2024 07:36:44.653 INFO [main] org.apache.catalina.startup.VersionLoggerListener.log Command line argument:             -Djava.util.logging.config.file=C:\Librerias\apache-tomcat-10.1.13\conf\logging.properties
11-Jan-2024 07:36:44.654 INFO [main] org.apache.catalina.startup.VersionLoggerListener.log Command line argument:             -Djava.util.logging.manager=org.apache.juli.ClassLoaderLogManager
11-Jan-2024 07:36:44.655 INFO [main] org.apache.catalina.startup.VersionLoggerListener.log Command line argument:             -Dhttp.nonProxyHosts=localhost|127.0.0.1|DESKTOP-TAMCEBV
11-Jan-2024 07:36:44.655 INFO [main] org.apache.catalina.startup.VersionLoggerListener.log Command line argument:             -Djdk.tls.ephemeralDHKeySize=2048
11-Jan-2024 07:36:44.655 INFO [main] org.apache.catalina.startup.VersionLoggerListener.log Command line argument:             -Djava.protocol.handler.pkgs=org.apache.catalina.webresources
11-Jan-2024 07:36:44.655 INFO [main] org.apache.catalina.startup.VersionLoggerListener.log Command line argument:             --add-opens=java.base/java.lang=ALL-UNNAMED
11-Jan-2024 07:36:44.656 INFO [main] org.apache.catalina.startup.VersionLoggerListener.log Command line argument:             --add-opens=java.base/java.io=ALL-UNNAMED
11-Jan-2024 07:36:44.656 INFO [main] org.apache.catalina.startup.VersionLoggerListener.log Command line argument:             --add-opens=java.base/java.util=ALL-UNNAMED
11-Jan-2024 07:36:44.656 INFO [main] org.apache.catalina.startup.VersionLoggerListener.log Command line argument:             --add-opens=java.base/java.util.concurrent=ALL-UNNAMED
11-Jan-2024 07:36:44.656 INFO [main] org.apache.catalina.startup.VersionLoggerListener.log Command line argument:             --add-opens=java.rmi/sun.rmi.transport=ALL-UNNAMED
11-Jan-2024 07:36:44.656 INFO [main] org.apache.catalina.startup.VersionLoggerListener.log Command line argument:             -Dcatalina.base=C:\Librerias\apache-tomcat-10.1.13
11-Jan-2024 07:36:44.656 INFO [main] org.apache.catalina.startup.VersionLoggerListener.log Command line argument:             -Dcatalina.home=C:\Librerias\apache-tomcat-10.1.13
11-Jan-2024 07:36:44.656 INFO [main] org.apache.catalina.startup.VersionLoggerListener.log Command line argument:             -Djava.io.tmpdir=C:\Librerias\apache-tomcat-10.1.13\temp
11-Jan-2024 07:36:44.710 INFO [main] org.apache.catalina.core.AprLifecycleListener.lifecycleEvent Cargada la biblioteca nativa APR de Apache Tomcat [2.0.5] con la versión APR [1.7.4].
11-Jan-2024 07:36:44.747 INFO [main] org.apache.catalina.core.AprLifecycleListener.initializeSSL OpenSSL inicializado correctamente [OpenSSL 3.0.10 1 Aug 2023]
11-Jan-2024 07:36:45.310 INFO [main] org.apache.coyote.AbstractProtocol.init Inicializando el manejador de protocolo ["http-nio-8080"]

11-Jan-2024 07:36:45.442 INFO [main] org.apache.catalina.startup.Catalina.load Server initialization in [1386] milliseconds
11-Jan-2024 07:36:45.694 INFO [main] org.apache.catalina.core.StandardService.startInternal Arrancando servicio [Catalina]
11-Jan-2024 07:36:45.694 INFO [main] org.apache.catalina.core.StandardEngine.startInternal Starting Servlet engine: [Apache Tomcat/10.1.13]
11-Jan-2024 07:36:45.738 INFO [main] org.apache.catalina.startup.HostConfig.deployDescriptor Desplieque del descriptor de configuración [C:\Librerias\apache-tomcat-10.1.13\conf\Catalina\localhost\Act8_ApiPost.xml]
11-Jan-2024 07:36:45.801 WARNING [main] org.apache.catalina.startup.HostConfig.deployDescriptor The path attribute with value [/Act8_ApiPost] in deployment descriptor [C:\Librerias\apache-tomcat-10.1.13\conf\Catalina\localhost\Act8_ApiPost.xml] has been ignored
11-Jan-2024 07:36:45.924 SEVERE [main] org.apache.catalina.startup.HostConfig.deployDescriptor Error durante el despliegue del descriptor de configuración [C:\Librerias\apache-tomcat-10.1.13\conf\Catalina\localhost\Act8_ApiPost.xml]
	java.lang.IllegalStateException: Error starting child
		at org.apache.catalina.core.ContainerBase.addChildInternal(ContainerBase.java:686)
		at org.apache.catalina.core.ContainerBase.addChild(ContainerBase.java:658)
		at org.apache.catalina.core.StandardHost.addChild(StandardHost.java:713)
		at org.apache.catalina.startup.HostConfig.deployDescriptor(HostConfig.java:641)
		at org.apache.catalina.startup.HostConfig$DeployDescriptor.run(HostConfig.java:1927)
		at java.base/java.util.concurrent.Executors$RunnableAdapter.call(Executors.java:539)
		at java.base/java.util.concurrent.FutureTask.run(FutureTask.java:264)
		at org.apache.tomcat.util.threads.InlineExecutorService.execute(InlineExecutorService.java:75)
		at java.base/java.util.concurrent.AbstractExecutorService.submit(AbstractExecutorService.java:123)
		at org.apache.catalina.startup.HostConfig.deployDescriptors(HostConfig.java:534)
		at org.apache.catalina.startup.HostConfig.deployApps(HostConfig.java:424)
		at org.apache.catalina.startup.HostConfig.start(HostConfig.java:1656)
		at org.apache.catalina.startup.HostConfig.lifecycleEvent(HostConfig.java:309)
		at org.apache.catalina.util.LifecycleBase.fireLifecycleEvent(LifecycleBase.java:114)
		at org.apache.catalina.util.LifecycleBase.setStateInternal(LifecycleBase.java:402)
		at org.apache.catalina.util.LifecycleBase.setState(LifecycleBase.java:345)
		at org.apache.catalina.core.ContainerBase.startInternal(ContainerBase.java:893)
		at org.apache.catalina.core.StandardHost.startInternal(StandardHost.java:846)
		at org.apache.catalina.util.LifecycleBase.start(LifecycleBase.java:171)
		at org.apache.catalina.core.ContainerBase$StartChild.call(ContainerBase.java:1332)
		at org.apache.catalina.core.ContainerBase$StartChild.call(ContainerBase.java:1322)
		at java.base/java.util.concurrent.FutureTask.run(FutureTask.java:264)
		at org.apache.tomcat.util.threads.InlineExecutorService.execute(InlineExecutorService.java:75)
		at java.base/java.util.concurrent.AbstractExecutorService.submit(AbstractExecutorService.java:145)
		at org.apache.catalina.core.ContainerBase.startInternal(ContainerBase.java:866)
		at org.apache.catalina.core.StandardEngine.startInternal(StandardEngine.java:241)
		at org.apache.catalina.util.LifecycleBase.start(LifecycleBase.java:171)
		at org.apache.catalina.core.StandardService.startInternal(StandardService.java:433)
		at org.apache.catalina.util.LifecycleBase.start(LifecycleBase.java:171)
		at org.apache.catalina.core.StandardServer.startInternal(StandardServer.java:918)
		at org.apache.catalina.util.LifecycleBase.start(LifecycleBase.java:171)
		at org.apache.catalina.startup.Catalina.start(Catalina.java:795)
		at java.base/jdk.internal.reflect.NativeMethodAccessorImpl.invoke0(Native Method)
		at java.base/jdk.internal.reflect.NativeMethodAccessorImpl.invoke(NativeMethodAccessorImpl.java:77)
		at java.base/jdk.internal.reflect.DelegatingMethodAccessorImpl.invoke(DelegatingMethodAccessorImpl.java:43)
		at java.base/java.lang.reflect.Method.invoke(Method.java:568)
		at org.apache.catalina.startup.Bootstrap.start(Bootstrap.java:347)
		at org.apache.catalina.startup.Bootstrap.main(Bootstrap.java:478)
	Caused by: org.apache.catalina.LifecycleException: Failed to start component [org.apache.catalina.webresources.StandardRoot@1a5b6f42]
		at org.apache.catalina.util.LifecycleBase.handleSubClassException(LifecycleBase.java:419)
		at org.apache.catalina.util.LifecycleBase.start(LifecycleBase.java:186)
		at org.apache.catalina.core.StandardContext.resourcesStart(StandardContext.java:4535)
		at org.apache.catalina.core.StandardContext.startInternal(StandardContext.java:4668)
		at org.apache.catalina.util.LifecycleBase.start(LifecycleBase.java:171)
		at org.apache.catalina.core.ContainerBase.addChildInternal(ContainerBase.java:683)
		... 37 more
	Caused by: java.lang.IllegalArgumentException: The main resource set specified [C:\Users\Diego UTL\Documents\NetBeansProjects\Act8_ApiPost\build\web] is not a directory or war file, or is not readable (it does not exist or permissions to access it are missing)
		at org.apache.catalina.webresources.StandardRoot.createMainResourceSet(StandardRoot.java:749)
		at org.apache.catalina.webresources.StandardRoot.startInternal(StandardRoot.java:707)
		at org.apache.catalina.util.LifecycleBase.start(LifecycleBase.java:171)
		... 41 more
11-Jan-2024 07:36:45.976 INFO [main] org.apache.catalina.startup.HostConfig.deployDescriptor Deployment of deployment descriptor [C:\Librerias\apache-tomcat-10.1.13\conf\Catalina\localhost\Act8_ApiPost.xml] has finished in [235] ms
11-Jan-2024 07:36:45.977 INFO [main] org.apache.catalina.startup.HostConfig.deployDescriptor Desplieque del descriptor de configuración [C:\Librerias\apache-tomcat-10.1.13\conf\Catalina\localhost\Act8_Post.xml]
11-Jan-2024 07:36:45.986 WARNING [main] org.apache.catalina.startup.HostConfig.deployDescriptor The path attribute with value [/Act8_Post] in deployment descriptor [C:\Librerias\apache-tomcat-10.1.13\conf\Catalina\localhost\Act8_Post.xml] has been ignored
11-Jan-2024 07:36:50.531 INFO [main] org.apache.jasper.servlet.TldScanner.scanJars Al menos un JAR, que se ha explorado buscando TLDs, aún no contenía TLDs. Activar historial de depuración para este historiador para una completa lista de los JARs que fueron explorados y de los que nos se halló TLDs. Saltarse JARs no necesarios durante la exploración puede dar lugar a una mejora de tiempo significativa en el arranque y compilación de JSP .
11-Jan-2024 07:36:50.757 WARNING [main] org.apache.catalina.util.SessionIdGeneratorBase.createSecureRandom Creation of SecureRandom instance for session ID generation using [SHA1PRNG] took [104] milliseconds.
11-Jan-2024 07:36:50.863 INFO [main] org.apache.catalina.startup.HostConfig.deployDescriptor Deployment of deployment descriptor [C:\Librerias\apache-tomcat-10.1.13\conf\Catalina\localhost\Act8_Post.xml] has finished in [4.886] ms
11-Jan-2024 07:36:50.865 INFO [main] org.apache.catalina.startup.HostConfig.deployDescriptor Desplieque del descriptor de configuración [C:\Librerias\apache-tomcat-10.1.13\conf\Catalina\localhost\Api_Post.xml]
11-Jan-2024 07:36:50.867 WARNING [main] org.apache.catalina.startup.HostConfig.deployDescriptor The path attribute with value [/Api_Post] in deployment descriptor [C:\Librerias\apache-tomcat-10.1.13\conf\Catalina\localhost\Api_Post.xml] has been ignored
11-Jan-2024 07:36:52.645 INFO [main] org.apache.jasper.servlet.TldScanner.scanJars Al menos un JAR, que se ha explorado buscando TLDs, aún no contenía TLDs. Activar historial de depuración para este historiador para una completa lista de los JARs que fueron explorados y de los que nos se halló TLDs. Saltarse JARs no necesarios durante la exploración puede dar lugar a una mejora de tiempo significativa en el arranque y compilación de JSP .
11-Jan-2024 07:36:52.709 INFO [main] org.apache.catalina.startup.HostConfig.deployDescriptor Deployment of deployment descriptor [C:\Librerias\apache-tomcat-10.1.13\conf\Catalina\localhost\Api_Post.xml] has finished in [1.846] ms
11-Jan-2024 07:36:52.710 INFO [main] org.apache.catalina.startup.HostConfig.deployDescriptor Desplieque del descriptor de configuración [C:\Librerias\apache-tomcat-10.1.13\conf\Catalina\localhost\ConectaBD.xml]
11-Jan-2024 07:36:52.711 WARNING [main] org.apache.catalina.startup.HostConfig.deployDescriptor The path attribute with value [/ConectaBD] in deployment descriptor [C:\Librerias\apache-tomcat-10.1.13\conf\Catalina\localhost\ConectaBD.xml] has been ignored
11-Jan-2024 07:36:54.630 INFO [main] org.apache.jasper.servlet.TldScanner.scanJars Al menos un JAR, que se ha explorado buscando TLDs, aún no contenía TLDs. Activar historial de depuración para este historiador para una completa lista de los JARs que fueron explorados y de los que nos se halló TLDs. Saltarse JARs no necesarios durante la exploración puede dar lugar a una mejora de tiempo significativa en el arranque y compilación de JSP .
11-Jan-2024 07:36:54.681 INFO [main] org.apache.catalina.startup.HostConfig.deployDescriptor Deployment of deployment descriptor [C:\Librerias\apache-tomcat-10.1.13\conf\Catalina\localhost\ConectaBD.xml] has finished in [1.972] ms
11-Jan-2024 07:36:54.682 INFO [main] org.apache.catalina.startup.HostConfig.deployDescriptor Desplieque del descriptor de configuración [C:\Librerias\apache-tomcat-10.1.13\conf\Catalina\localhost\ConversionDivisas.xml]
11-Jan-2024 07:36:54.683 WARNING [main] org.apache.catalina.startup.HostConfig.deployDescriptor The path attribute with value [/ConversionDivisas] in deployment descriptor [C:\Librerias\apache-tomcat-10.1.13\conf\Catalina\localhost\ConversionDivisas.xml] has been ignored
11-Jan-2024 07:36:56.000 INFO [main] org.apache.jasper.servlet.TldScanner.scanJars Al menos un JAR, que se ha explorado buscando TLDs, aún no contenía TLDs. Activar historial de depuración para este historiador para una completa lista de los JARs que fueron explorados y de los que nos se halló TLDs. Saltarse JARs no necesarios durante la exploración puede dar lugar a una mejora de tiempo significativa en el arranque y compilación de JSP .
11-Jan-2024 07:36:56.053 INFO [main] org.apache.catalina.startup.HostConfig.deployDescriptor Deployment of deployment descriptor [C:\Librerias\apache-tomcat-10.1.13\conf\Catalina\localhost\ConversionDivisas.xml] has finished in [1.371] ms
11-Jan-2024 07:36:56.053 INFO [main] org.apache.catalina.startup.HostConfig.deployDescriptor Desplieque del descriptor de configuración [C:\Librerias\apache-tomcat-10.1.13\conf\Catalina\localhost\Hola_API.xml]
11-Jan-2024 07:36:56.056 WARNING [main] org.apache.catalina.startup.HostConfig.deployDescriptor The path attribute with value [/Hola_API] in deployment descriptor [C:\Librerias\apache-tomcat-10.1.13\conf\Catalina\localhost\Hola_API.xml] has been ignored
11-Jan-2024 07:36:57.301 INFO [main] org.apache.jasper.servlet.TldScanner.scanJars Al menos un JAR, que se ha explorado buscando TLDs, aún no contenía TLDs. Activar historial de depuración para este historiador para una completa lista de los JARs que fueron explorados y de los que nos se halló TLDs. Saltarse JARs no necesarios durante la exploración puede dar lugar a una mejora de tiempo significativa en el arranque y compilación de JSP .
11-Jan-2024 07:36:57.340 INFO [main] org.apache.catalina.startup.HostConfig.deployDescriptor Deployment of deployment descriptor [C:\Librerias\apache-tomcat-10.1.13\conf\Catalina\localhost\Hola_API.xml] has finished in [1.287] ms
11-Jan-2024 07:36:57.341 INFO [main] org.apache.catalina.startup.HostConfig.deployDescriptor Desplieque del descriptor de configuración [C:\Librerias\apache-tomcat-10.1.13\conf\Catalina\localhost\Post_Practica.xml]
11-Jan-2024 07:36:57.342 WARNING [main] org.apache.catalina.startup.HostConfig.deployDescriptor The path attribute with value [/Post_Practica] in deployment descriptor [C:\Librerias\apache-tomcat-10.1.13\conf\Catalina\localhost\Post_Practica.xml] has been ignored
11-Jan-2024 07:36:58.624 INFO [main] org.apache.jasper.servlet.TldScanner.scanJars Al menos un JAR, que se ha explorado buscando TLDs, aún no contenía TLDs. Activar historial de depuración para este historiador para una completa lista de los JARs que fueron explorados y de los que nos se halló TLDs. Saltarse JARs no necesarios durante la exploración puede dar lugar a una mejora de tiempo significativa en el arranque y compilación de JSP .
11-Jan-2024 07:36:58.663 INFO [main] org.apache.catalina.startup.HostConfig.deployDescriptor Deployment of deployment descriptor [C:\Librerias\apache-tomcat-10.1.13\conf\Catalina\localhost\Post_Practica.xml] has finished in [1.319] ms
11-Jan-2024 07:36:58.663 INFO [main] org.apache.catalina.startup.HostConfig.deployDescriptor Desplieque del descriptor de configuración [C:\Librerias\apache-tomcat-10.1.13\conf\Catalina\localhost\SicefaProyecto.xml]
11-Jan-2024 07:36:58.665 WARNING [main] org.apache.catalina.startup.HostConfig.deployDescriptor The path attribute with value [/SicefaProyecto] in deployment descriptor [C:\Librerias\apache-tomcat-10.1.13\conf\Catalina\localhost\SicefaProyecto.xml] has been ignored
11-Jan-2024 07:37:01.056 INFO [main] org.apache.jasper.servlet.TldScanner.scanJars Al menos un JAR, que se ha explorado buscando TLDs, aún no contenía TLDs. Activar historial de depuración para este historiador para una completa lista de los JARs que fueron explorados y de los que nos se halló TLDs. Saltarse JARs no necesarios durante la exploración puede dar lugar a una mejora de tiempo significativa en el arranque y compilación de JSP .
11-Jan-2024 07:37:01.131 WARNING [main] org.glassfish.jersey.servlet.init.JerseyServletContainerInitializer.addServletWithApplication Mapping conflict. A Servlet registration exists with same mapping as the Jersey servlet application, named org.utl.dsm.rest.MyApplication, at the servlet mapping, /api/*.
11-Jan-2024 07:37:01.885 WARNING [main] org.glassfish.jersey.message.internal.MessagingBinders$EnabledProvidersBinder.bindToBinder A class jakarta.activation.DataSource for a default provider MessageBodyWriter<jakarta.activation.DataSource> was not found. The provider is not available.
11-Jan-2024 07:37:01.943 WARNING [main] org.glassfish.jersey.server.wadl.WadlFeature.configure JAX-B API not found . WADL feature is disabled.
11-Jan-2024 07:37:02.657 INFO [main] org.apache.catalina.startup.HostConfig.deployDescriptor Deployment of deployment descriptor [C:\Librerias\apache-tomcat-10.1.13\conf\Catalina\localhost\SicefaProyecto.xml] has finished in [3.993] ms
11-Jan-2024 07:37:02.657 INFO [main] org.apache.catalina.startup.HostConfig.deployDescriptor Desplieque del descriptor de configuración [C:\Librerias\apache-tomcat-10.1.13\conf\Catalina\localhost\SignoZodiacoApi.xml]
11-Jan-2024 07:37:02.659 WARNING [main] org.apache.catalina.startup.HostConfig.deployDescriptor The path attribute with value [/SignoZodiacoApi] in deployment descriptor [C:\Librerias\apache-tomcat-10.1.13\conf\Catalina\localhost\SignoZodiacoApi.xml] has been ignored
11-Jan-2024 07:37:03.881 INFO [main] org.apache.jasper.servlet.TldScanner.scanJars Al menos un JAR, que se ha explorado buscando TLDs, aún no contenía TLDs. Activar historial de depuración para este historiador para una completa lista de los JARs que fueron explorados y de los que nos se halló TLDs. Saltarse JARs no necesarios durante la exploración puede dar lugar a una mejora de tiempo significativa en el arranque y compilación de JSP .
11-Jan-2024 07:37:03.915 INFO [main] org.apache.catalina.startup.HostConfig.deployDescriptor Deployment of deployment descriptor [C:\Librerias\apache-tomcat-10.1.13\conf\Catalina\localhost\SignoZodiacoApi.xml] has finished in [1.258] ms
11-Jan-2024 07:37:03.916 INFO [main] org.apache.catalina.startup.HostConfig.deployDirectory Desplegando el directorio [C:\Librerias\apache-tomcat-10.1.13\webapps\docs] de la aplicación web
11-Jan-2024 07:37:03.953 INFO [main] org.apache.catalina.startup.HostConfig.deployDirectory Deployment of web application directory [C:\Librerias\apache-tomcat-10.1.13\webapps\docs] has finished in [37] ms
11-Jan-2024 07:37:03.954 INFO [main] org.apache.catalina.startup.HostConfig.deployDirectory Desplegando el directorio [C:\Librerias\apache-tomcat-10.1.13\webapps\examples] de la aplicación web
11-Jan-2024 07:37:05.303 INFO [main] org.apache.catalina.startup.HostConfig.deployDirectory Deployment of web application directory [C:\Librerias\apache-tomcat-10.1.13\webapps\examples] has finished in [1.348] ms
11-Jan-2024 07:37:05.303 INFO [main] org.apache.catalina.startup.HostConfig.deployDirectory Desplegando el directorio [C:\Librerias\apache-tomcat-10.1.13\webapps\host-manager] de la aplicación web
11-Jan-2024 07:37:05.628 INFO [main] org.apache.catalina.startup.HostConfig.deployDirectory Deployment of web application directory [C:\Librerias\apache-tomcat-10.1.13\webapps\host-manager] has finished in [325] ms
11-Jan-2024 07:37:05.629 INFO [main] org.apache.catalina.startup.HostConfig.deployDirectory Desplegando el directorio [C:\Librerias\apache-tomcat-10.1.13\webapps\manager] de la aplicación web
11-Jan-2024 07:37:05.725 INFO [main] org.apache.catalina.startup.HostConfig.deployDirectory Deployment of web application directory [C:\Librerias\apache-tomcat-10.1.13\webapps\manager] has finished in [96] ms
11-Jan-2024 07:37:05.725 INFO [main] org.apache.catalina.startup.HostConfig.deployDirectory Desplegando el directorio [C:\Librerias\apache-tomcat-10.1.13\webapps\ROOT] de la aplicación web
11-Jan-2024 07:37:05.789 INFO [main] org.apache.catalina.startup.HostConfig.deployDirectory Deployment of web application directory [C:\Librerias\apache-tomcat-10.1.13\webapps\ROOT] has finished in [63] ms
11-Jan-2024 07:37:05.795 INFO [main] org.apache.coyote.AbstractProtocol.start Starting ProtocolHandler ["http-nio-8080"]
11-Jan-2024 07:37:05.973 INFO [main] org.apache.catalina.startup.Catalina.start Server startup in [20528] milliseconds
11-Jan-2024 07:37:08.925 INFO [http-nio-8080-exec-4] org.apache.catalina.startup.HostConfig.deployDescriptor Desplieque del descriptor de configuración [C:\Librerias\apache-tomcat-10.1.13\conf\Catalina\localhost\examenDiagnostico.xml]
11-Jan-2024 07:37:08.928 WARNING [http-nio-8080-exec-4] org.apache.catalina.startup.HostConfig.deployDescriptor The path attribute with value [/examenDiagnostico] in deployment descriptor [C:\Librerias\apache-tomcat-10.1.13\conf\Catalina\localhost\examenDiagnostico.xml] has been ignored
11-Jan-2024 07:37:08.998 INFO [http-nio-8080-exec-4] org.apache.catalina.startup.HostConfig.deployDescriptor Deployment of deployment descriptor [C:\Librerias\apache-tomcat-10.1.13\conf\Catalina\localhost\examenDiagnostico.xml] has finished in [72] ms
11-Jan-2024 07:37:09.004 INFO [http-nio-8080-exec-5] org.apache.catalina.util.LifecycleBase.start The start() method was called on component [StandardEngine[Catalina].StandardHost[localhost].StandardContext[/examenDiagnostico]] after start() had already been called. The second call will be ignored.
11-Jan-2024 20:05:38.837 INFO [http-nio-8080-exec-1] org.apache.catalina.startup.HostConfig.undeploy Repliegue (undeploy) de la aplicación web que tiene como trayectoria de contexto [/SicefaProyecto]
11-Jan-2024 20:05:38.882 INFO [http-nio-8080-exec-2] org.apache.catalina.startup.HostConfig.deployDescriptor Desplieque del descriptor de configuración [C:\Librerias\apache-tomcat-10.1.13\conf\Catalina\localhost\SicefaProyecto.xml]
11-Jan-2024 20:05:38.895 WARNING [http-nio-8080-exec-2] org.apache.catalina.startup.HostConfig.deployDescriptor The path attribute with value [/SicefaProyecto] in deployment descriptor [C:\Librerias\apache-tomcat-10.1.13\conf\Catalina\localhost\SicefaProyecto.xml] has been ignored
11-Jan-2024 20:05:41.358 INFO [http-nio-8080-exec-2] org.apache.jasper.servlet.TldScanner.scanJars Al menos un JAR, que se ha explorado buscando TLDs, aún no contenía TLDs. Activar historial de depuración para este historiador para una completa lista de los JARs que fueron explorados y de los que nos se halló TLDs. Saltarse JARs no necesarios durante la exploración puede dar lugar a una mejora de tiempo significativa en el arranque y compilación de JSP .
11-Jan-2024 20:05:41.409 WARNING [http-nio-8080-exec-2] org.glassfish.jersey.servlet.init.JerseyServletContainerInitializer.addServletWithApplication Mapping conflict. A Servlet registration exists with same mapping as the Jersey servlet application, named org.utl.dsm.rest.MyApplication, at the servlet mapping, /api/*.
11-Jan-2024 20:05:42.100 WARNING [http-nio-8080-exec-2] org.glassfish.jersey.message.internal.MessagingBinders$EnabledProvidersBinder.bindToBinder A class jakarta.activation.DataSource for a default provider MessageBodyWriter<jakarta.activation.DataSource> was not found. The provider is not available.
11-Jan-2024 20:05:42.140 WARNING [http-nio-8080-exec-2] org.glassfish.jersey.server.wadl.WadlFeature.configure JAX-B API not found . WADL feature is disabled.
11-Jan-2024 20:05:42.575 INFO [http-nio-8080-exec-2] org.apache.catalina.startup.HostConfig.deployDescriptor Deployment of deployment descriptor [C:\Librerias\apache-tomcat-10.1.13\conf\Catalina\localhost\SicefaProyecto.xml] has finished in [3.693] ms
11-Jan-2024 20:05:42.580 INFO [http-nio-8080-exec-7] org.apache.catalina.util.LifecycleBase.start The start() method was called on component [StandardEngine[Catalina].StandardHost[localhost].StandardContext[/SicefaProyecto]] after start() had already been called. The second call will be ignored.
11-Jan-2024 20:05:48.454 WARNING [http-nio-8080-exec-4] org.glassfish.jersey.server.wadl.WadlFeature.configure JAX-B API not found . WADL feature is disabled.
11-Jan-2024 21:29:09.823 INFO [Catalina-utility-2] org.apache.catalina.startup.HostConfig.reload Falló la recarga del contexto [/examenDiagnostico]
11-Jan-2024 21:29:09.823 INFO [Catalina-utility-2] org.apache.catalina.core.StandardContext.reload Ha comenzado la recarga de Contexto [/examenDiagnostico]
11-Jan-2024 21:29:09.856 INFO [Catalina-utility-2] org.apache.catalina.core.StandardContext.reload Se ha completado la recarga de este Contexto
11-Jan-2024 21:29:29.881 INFO [Catalina-utility-2] org.apache.catalina.startup.HostConfig.reload Falló la recarga del contexto [/examenDiagnostico]
11-Jan-2024 21:29:29.881 INFO [Catalina-utility-2] org.apache.catalina.core.StandardContext.reload Ha comenzado la recarga de Contexto [/examenDiagnostico]
11-Jan-2024 21:29:29.900 INFO [Catalina-utility-2] org.apache.catalina.core.StandardContext.reload Se ha completado la recarga de este Contexto
11-Jan-2024 21:29:43.863 INFO [http-nio-8080-exec-15] org.apache.catalina.startup.HostConfig.deployDescriptor Desplieque del descriptor de configuración [C:\Librerias\apache-tomcat-10.1.13\conf\Catalina\localhost\DiagnosticoI4.0.xml]
11-Jan-2024 21:29:43.864 WARNING [http-nio-8080-exec-15] org.apache.catalina.startup.HostConfig.deployDescriptor The path attribute with value [/DiagnosticoI4.0] in deployment descriptor [C:\Librerias\apache-tomcat-10.1.13\conf\Catalina\localhost\DiagnosticoI4.0.xml] has been ignored
11-Jan-2024 21:29:48.365 INFO [http-nio-8080-exec-15] org.apache.jasper.servlet.TldScanner.scanJars Al menos un JAR, que se ha explorado buscando TLDs, aún no contenía TLDs. Activar historial de depuración para este historiador para una completa lista de los JARs que fueron explorados y de los que nos se halló TLDs. Saltarse JARs no necesarios durante la exploración puede dar lugar a una mejora de tiempo significativa en el arranque y compilación de JSP .
11-Jan-2024 21:29:48.398 INFO [http-nio-8080-exec-15] org.apache.catalina.startup.HostConfig.deployDescriptor Deployment of deployment descriptor [C:\Librerias\apache-tomcat-10.1.13\conf\Catalina\localhost\DiagnosticoI4.0.xml] has finished in [4.535] ms
11-Jan-2024 21:29:48.416 INFO [http-nio-8080-exec-20] org.apache.catalina.util.LifecycleBase.start The start() method was called on component [StandardEngine[Catalina].StandardHost[localhost].StandardContext[/DiagnosticoI4.0]] after start() had already been called. The second call will be ignored.
11-Jan-2024 21:53:11.482 INFO [http-nio-8080-exec-34] org.apache.catalina.startup.HostConfig.deployDescriptor Desplieque del descriptor de configuración [C:\Librerias\apache-tomcat-10.1.13\conf\Catalina\localhost\examenDiagnosticoHTML.xml]
11-Jan-2024 21:53:11.482 WARNING [http-nio-8080-exec-34] org.apache.catalina.startup.HostConfig.deployDescriptor The path attribute with value [/examenDiagnosticoHTML] in deployment descriptor [C:\Librerias\apache-tomcat-10.1.13\conf\Catalina\localhost\examenDiagnosticoHTML.xml] has been ignored
11-Jan-2024 21:53:12.572 INFO [http-nio-8080-exec-34] org.apache.jasper.servlet.TldScanner.scanJars Al menos un JAR, que se ha explorado buscando TLDs, aún no contenía TLDs. Activar historial de depuración para este historiador para una completa lista de los JARs que fueron explorados y de los que nos se halló TLDs. Saltarse JARs no necesarios durante la exploración puede dar lugar a una mejora de tiempo significativa en el arranque y compilación de JSP .
11-Jan-2024 21:53:12.606 INFO [http-nio-8080-exec-34] org.apache.catalina.startup.HostConfig.deployDescriptor Deployment of deployment descriptor [C:\Librerias\apache-tomcat-10.1.13\conf\Catalina\localhost\examenDiagnosticoHTML.xml] has finished in [1.123] ms
11-Jan-2024 21:53:12.607 INFO [http-nio-8080-exec-35] org.apache.catalina.util.LifecycleBase.start The start() method was called on component [StandardEngine[Catalina].StandardHost[localhost].StandardContext[/examenDiagnosticoHTML]] after start() had already been called. The second call will be ignored.
11-Jan-2024 21:53:25.681 WARNING [http-nio-8080-exec-26] org.glassfish.jersey.message.internal.MessagingBinders$EnabledProvidersBinder.bindToBinder A class jakarta.activation.DataSource for a default provider MessageBodyWriter<jakarta.activation.DataSource> was not found. The provider is not available.
11-Jan-2024 21:53:25.720 WARNING [http-nio-8080-exec-26] org.glassfish.jersey.server.wadl.WadlFeature.configure JAX-B API not found . WADL feature is disabled.
11-Jan-2024 22:11:32.481 INFO [http-nio-8080-exec-42] org.apache.catalina.core.StandardContext.reload Ha comenzado la recarga de Contexto [/examenDiagnosticoHTML]
11-Jan-2024 22:11:33.983 INFO [http-nio-8080-exec-42] org.apache.jasper.servlet.TldScanner.scanJars Al menos un JAR, que se ha explorado buscando TLDs, aún no contenía TLDs. Activar historial de depuración para este historiador para una completa lista de los JARs que fueron explorados y de los que nos se halló TLDs. Saltarse JARs no necesarios durante la exploración puede dar lugar a una mejora de tiempo significativa en el arranque y compilación de JSP .
11-Jan-2024 22:11:34.019 INFO [http-nio-8080-exec-42] org.apache.catalina.core.StandardContext.reload Se ha completado la recarga de este Contexto
11-Jan-2024 22:11:40.544 WARNING [http-nio-8080-exec-35] org.glassfish.jersey.message.internal.MessagingBinders$EnabledProvidersBinder.bindToBinder A class jakarta.activation.DataSource for a default provider MessageBodyWriter<jakarta.activation.DataSource> was not found. The provider is not available.
11-Jan-2024 22:11:40.576 WARNING [http-nio-8080-exec-35] org.glassfish.jersey.server.wadl.WadlFeature.configure JAX-B API not found . WADL feature is disabled.
11-Jan-2024 22:23:10.572 INFO [http-nio-8080-exec-44] org.apache.catalina.core.StandardContext.reload Ha comenzado la recarga de Contexto [/examenDiagnosticoHTML]
11-Jan-2024 22:23:12.336 INFO [http-nio-8080-exec-44] org.apache.jasper.servlet.TldScanner.scanJars Al menos un JAR, que se ha explorado buscando TLDs, aún no contenía TLDs. Activar historial de depuración para este historiador para una completa lista de los JARs que fueron explorados y de los que nos se halló TLDs. Saltarse JARs no necesarios durante la exploración puede dar lugar a una mejora de tiempo significativa en el arranque y compilación de JSP .
11-Jan-2024 22:23:12.381 INFO [http-nio-8080-exec-44] org.apache.catalina.core.StandardContext.reload Se ha completado la recarga de este Contexto
11-Jan-2024 22:23:21.293 WARNING [http-nio-8080-exec-46] org.glassfish.jersey.message.internal.MessagingBinders$EnabledProvidersBinder.bindToBinder A class jakarta.activation.DataSource for a default provider MessageBodyWriter<jakarta.activation.DataSource> was not found. The provider is not available.
11-Jan-2024 22:23:21.333 WARNING [http-nio-8080-exec-46] org.glassfish.jersey.server.wadl.WadlFeature.configure JAX-B API not found . WADL feature is disabled.
11-Jan-2024 23:03:24.010 INFO [http-nio-8080-exec-58] org.apache.catalina.core.StandardContext.reload Ha comenzado la recarga de Contexto [/examenDiagnosticoHTML]
11-Jan-2024 23:03:25.602 INFO [http-nio-8080-exec-58] org.apache.jasper.servlet.TldScanner.scanJars Al menos un JAR, que se ha explorado buscando TLDs, aún no contenía TLDs. Activar historial de depuración para este historiador para una completa lista de los JARs que fueron explorados y de los que nos se halló TLDs. Saltarse JARs no necesarios durante la exploración puede dar lugar a una mejora de tiempo significativa en el arranque y compilación de JSP .
11-Jan-2024 23:03:25.878 INFO [http-nio-8080-exec-58] org.apache.catalina.core.StandardContext.reload Se ha completado la recarga de este Contexto
11-Jan-2024 23:03:37.098 WARNING [http-nio-8080-exec-62] org.glassfish.jersey.message.internal.MessagingBinders$EnabledProvidersBinder.bindToBinder A class jakarta.activation.DataSource for a default provider MessageBodyWriter<jakarta.activation.DataSource> was not found. The provider is not available.
11-Jan-2024 23:03:37.125 WARNING [http-nio-8080-exec-62] org.glassfish.jersey.server.wadl.WadlFeature.configure JAX-B API not found . WADL feature is disabled.
11-Jan-2024 23:07:16.750 INFO [http-nio-8080-exec-66] org.apache.catalina.core.StandardContext.reload Ha comenzado la recarga de Contexto [/examenDiagnosticoHTML]
11-Jan-2024 23:07:18.263 INFO [http-nio-8080-exec-66] org.apache.jasper.servlet.TldScanner.scanJars Al menos un JAR, que se ha explorado buscando TLDs, aún no contenía TLDs. Activar historial de depuración para este historiador para una completa lista de los JARs que fueron explorados y de los que nos se halló TLDs. Saltarse JARs no necesarios durante la exploración puede dar lugar a una mejora de tiempo significativa en el arranque y compilación de JSP .
11-Jan-2024 23:07:18.312 INFO [http-nio-8080-exec-66] org.apache.catalina.core.StandardContext.reload Se ha completado la recarga de este Contexto
11-Jan-2024 23:07:33.449 WARNING [http-nio-8080-exec-72] org.glassfish.jersey.message.internal.MessagingBinders$EnabledProvidersBinder.bindToBinder A class jakarta.activation.DataSource for a default provider MessageBodyWriter<jakarta.activation.DataSource> was not found. The provider is not available.
11-Jan-2024 23:07:33.465 WARNING [http-nio-8080-exec-72] org.glassfish.jersey.server.wadl.WadlFeature.configure JAX-B API not found . WADL feature is disabled.
11-Jan-2024 23:18:59.739 INFO [http-nio-8080-exec-79] org.apache.catalina.core.StandardContext.reload Ha comenzado la recarga de Contexto [/examenDiagnosticoHTML]
11-Jan-2024 23:19:01.050 INFO [http-nio-8080-exec-79] org.apache.jasper.servlet.TldScanner.scanJars Al menos un JAR, que se ha explorado buscando TLDs, aún no contenía TLDs. Activar historial de depuración para este historiador para una completa lista de los JARs que fueron explorados y de los que nos se halló TLDs. Saltarse JARs no necesarios durante la exploración puede dar lugar a una mejora de tiempo significativa en el arranque y compilación de JSP .
11-Jan-2024 23:19:01.104 INFO [http-nio-8080-exec-79] org.apache.catalina.core.StandardContext.reload Se ha completado la recarga de este Contexto
11-Jan-2024 23:19:45.231 WARNING [http-nio-8080-exec-77] org.glassfish.jersey.message.internal.MessagingBinders$EnabledProvidersBinder.bindToBinder A class jakarta.activation.DataSource for a default provider MessageBodyWriter<jakarta.activation.DataSource> was not found. The provider is not available.
11-Jan-2024 23:19:45.262 WARNING [http-nio-8080-exec-77] org.glassfish.jersey.server.wadl.WadlFeature.configure JAX-B API not found . WADL feature is disabled.
11-Jan-2024 23:20:30.743 INFO [http-nio-8080-exec-91] org.apache.catalina.core.StandardContext.reload Ha comenzado la recarga de Contexto [/examenDiagnosticoHTML]
11-Jan-2024 23:20:32.383 INFO [http-nio-8080-exec-91] org.apache.jasper.servlet.TldScanner.scanJars Al menos un JAR, que se ha explorado buscando TLDs, aún no contenía TLDs. Activar historial de depuración para este historiador para una completa lista de los JARs que fueron explorados y de los que nos se halló TLDs. Saltarse JARs no necesarios durante la exploración puede dar lugar a una mejora de tiempo significativa en el arranque y compilación de JSP .
11-Jan-2024 23:20:32.427 INFO [http-nio-8080-exec-91] org.apache.catalina.core.StandardContext.reload Se ha completado la recarga de este Contexto
11-Jan-2024 23:20:43.251 WARNING [http-nio-8080-exec-83] org.glassfish.jersey.message.internal.MessagingBinders$EnabledProvidersBinder.bindToBinder A class jakarta.activation.DataSource for a default provider MessageBodyWriter<jakarta.activation.DataSource> was not found. The provider is not available.
11-Jan-2024 23:20:43.282 WARNING [http-nio-8080-exec-83] org.glassfish.jersey.server.wadl.WadlFeature.configure JAX-B API not found . WADL feature is disabled.
11-Jan-2024 23:21:00.862 INFO [http-nio-8080-exec-92] org.apache.catalina.core.StandardContext.reload Ha comenzado la recarga de Contexto [/examenDiagnosticoHTML]
11-Jan-2024 23:21:02.996 INFO [http-nio-8080-exec-92] org.apache.jasper.servlet.TldScanner.scanJars Al menos un JAR, que se ha explorado buscando TLDs, aún no contenía TLDs. Activar historial de depuración para este historiador para una completa lista de los JARs que fueron explorados y de los que nos se halló TLDs. Saltarse JARs no necesarios durante la exploración puede dar lugar a una mejora de tiempo significativa en el arranque y compilación de JSP .
11-Jan-2024 23:21:03.057 INFO [http-nio-8080-exec-92] org.apache.catalina.core.StandardContext.reload Se ha completado la recarga de este Contexto
11-Jan-2024 23:24:43.707 WARNING [http-nio-8080-exec-98] org.glassfish.jersey.message.internal.MessagingBinders$EnabledProvidersBinder.bindToBinder A class jakarta.activation.DataSource for a default provider MessageBodyWriter<jakarta.activation.DataSource> was not found. The provider is not available.
11-Jan-2024 23:24:43.738 WARNING [http-nio-8080-exec-98] org.glassfish.jersey.server.wadl.WadlFeature.configure JAX-B API not found . WADL feature is disabled.
11-Jan-2024 23:28:39.331 INFO [http-nio-8080-exec-102] org.apache.catalina.core.StandardContext.reload Ha comenzado la recarga de Contexto [/examenDiagnosticoHTML]
11-Jan-2024 23:28:40.621 INFO [http-nio-8080-exec-102] org.apache.jasper.servlet.TldScanner.scanJars Al menos un JAR, que se ha explorado buscando TLDs, aún no contenía TLDs. Activar historial de depuración para este historiador para una completa lista de los JARs que fueron explorados y de los que nos se halló TLDs. Saltarse JARs no necesarios durante la exploración puede dar lugar a una mejora de tiempo significativa en el arranque y compilación de JSP .
11-Jan-2024 23:28:40.669 INFO [http-nio-8080-exec-102] org.apache.catalina.core.StandardContext.reload Se ha completado la recarga de este Contexto
11-Jan-2024 23:28:50.553 WARNING [http-nio-8080-exec-100] org.glassfish.jersey.message.internal.MessagingBinders$EnabledProvidersBinder.bindToBinder A class jakarta.activation.DataSource for a default provider MessageBodyWriter<jakarta.activation.DataSource> was not found. The provider is not available.
11-Jan-2024 23:28:50.578 WARNING [http-nio-8080-exec-100] org.glassfish.jersey.server.wadl.WadlFeature.configure JAX-B API not found . WADL feature is disabled.
11-Jan-2024 23:29:12.295 INFO [http-nio-8080-exec-103] org.apache.catalina.core.StandardContext.reload Ha comenzado la recarga de Contexto [/examenDiagnosticoHTML]
11-Jan-2024 23:29:13.743 INFO [http-nio-8080-exec-103] org.apache.jasper.servlet.TldScanner.scanJars Al menos un JAR, que se ha explorado buscando TLDs, aún no contenía TLDs. Activar historial de depuración para este historiador para una completa lista de los JARs que fueron explorados y de los que nos se halló TLDs. Saltarse JARs no necesarios durante la exploración puede dar lugar a una mejora de tiempo significativa en el arranque y compilación de JSP .
11-Jan-2024 23:29:13.777 INFO [http-nio-8080-exec-103] org.apache.catalina.core.StandardContext.reload Se ha completado la recarga de este Contexto
11-Jan-2024 23:31:04.326 INFO [http-nio-8080-exec-106] org.apache.catalina.core.StandardContext.reload Ha comenzado la recarga de Contexto [/examenDiagnosticoHTML]
11-Jan-2024 23:31:05.930 INFO [http-nio-8080-exec-106] org.apache.jasper.servlet.TldScanner.scanJars Al menos un JAR, que se ha explorado buscando TLDs, aún no contenía TLDs. Activar historial de depuración para este historiador para una completa lista de los JARs que fueron explorados y de los que nos se halló TLDs. Saltarse JARs no necesarios durante la exploración puede dar lugar a una mejora de tiempo significativa en el arranque y compilación de JSP .
11-Jan-2024 23:31:05.961 INFO [http-nio-8080-exec-106] org.apache.catalina.core.StandardContext.reload Se ha completado la recarga de este Contexto
11-Jan-2024 23:33:16.458 WARNING [http-nio-8080-exec-118] org.glassfish.jersey.message.internal.MessagingBinders$EnabledProvidersBinder.bindToBinder A class jakarta.activation.DataSource for a default provider MessageBodyWriter<jakarta.activation.DataSource> was not found. The provider is not available.
11-Jan-2024 23:33:16.493 WARNING [http-nio-8080-exec-118] org.glassfish.jersey.server.wadl.WadlFeature.configure JAX-B API not found . WADL feature is disabled.
