07-Nov-2023 13:15:43.030 INFO [main] org.apache.catalina.startup.VersionLoggerListener.log Nombre de la versión del servidor: Apache Tomcat/10.1.13
07-Nov-2023 13:15:43.042 INFO [main] org.apache.catalina.startup.VersionLoggerListener.log Server built:                      Aug 23 2023 21:34:59 UTC
07-Nov-2023 13:15:43.043 INFO [main] org.apache.catalina.startup.VersionLoggerListener.log Número de versión de servidor:     10.1.13.0
07-Nov-2023 13:15:43.043 INFO [main] org.apache.catalina.startup.VersionLoggerListener.log OS Name:                           Windows 10
07-Nov-2023 13:15:43.044 INFO [main] org.apache.catalina.startup.VersionLoggerListener.log Versión de Systema Operativo:      10.0
07-Nov-2023 13:15:43.044 INFO [main] org.apache.catalina.startup.VersionLoggerListener.log Arquitectura:                      amd64
07-Nov-2023 13:15:43.044 INFO [main] org.apache.catalina.startup.VersionLoggerListener.log Java Home:                         C:\Program Files\Java\jdk-17
07-Nov-2023 13:15:43.044 INFO [main] org.apache.catalina.startup.VersionLoggerListener.log JVM Version:                       17.0.8+9-LTS-211
07-Nov-2023 13:15:43.044 INFO [main] org.apache.catalina.startup.VersionLoggerListener.log Vededor JVM:                       Oracle Corporation
07-Nov-2023 13:15:43.044 INFO [main] org.apache.catalina.startup.VersionLoggerListener.log CATALINA_BASE:                     C:\Librerias\apache-tomcat-10.1.13
07-Nov-2023 13:15:43.045 INFO [main] org.apache.catalina.startup.VersionLoggerListener.log CATALINA_HOME:                     C:\Librerias\apache-tomcat-10.1.13
07-Nov-2023 13:15:43.085 INFO [main] org.apache.catalina.startup.VersionLoggerListener.log Command line argument:             -Djava.util.logging.config.file=C:\Librerias\apache-tomcat-10.1.13\conf\logging.properties
07-Nov-2023 13:15:43.086 INFO [main] org.apache.catalina.startup.VersionLoggerListener.log Command line argument:             -Djava.util.logging.manager=org.apache.juli.ClassLoaderLogManager
07-Nov-2023 13:15:43.086 INFO [main] org.apache.catalina.startup.VersionLoggerListener.log Command line argument:             -Dhttp.nonProxyHosts=localhost|127.0.0.1|DESKTOP-TAMCEBV
07-Nov-2023 13:15:43.086 INFO [main] org.apache.catalina.startup.VersionLoggerListener.log Command line argument:             -Djdk.tls.ephemeralDHKeySize=2048
07-Nov-2023 13:15:43.086 INFO [main] org.apache.catalina.startup.VersionLoggerListener.log Command line argument:             -Djava.protocol.handler.pkgs=org.apache.catalina.webresources
07-Nov-2023 13:15:43.086 INFO [main] org.apache.catalina.startup.VersionLoggerListener.log Command line argument:             --add-opens=java.base/java.lang=ALL-UNNAMED
07-Nov-2023 13:15:43.088 INFO [main] org.apache.catalina.startup.VersionLoggerListener.log Command line argument:             --add-opens=java.base/java.io=ALL-UNNAMED
07-Nov-2023 13:15:43.088 INFO [main] org.apache.catalina.startup.VersionLoggerListener.log Command line argument:             --add-opens=java.base/java.util=ALL-UNNAMED
07-Nov-2023 13:15:43.088 INFO [main] org.apache.catalina.startup.VersionLoggerListener.log Command line argument:             --add-opens=java.base/java.util.concurrent=ALL-UNNAMED
07-Nov-2023 13:15:43.088 INFO [main] org.apache.catalina.startup.VersionLoggerListener.log Command line argument:             --add-opens=java.rmi/sun.rmi.transport=ALL-UNNAMED
07-Nov-2023 13:15:43.088 INFO [main] org.apache.catalina.startup.VersionLoggerListener.log Command line argument:             -Dcatalina.base=C:\Librerias\apache-tomcat-10.1.13
07-Nov-2023 13:15:43.089 INFO [main] org.apache.catalina.startup.VersionLoggerListener.log Command line argument:             -Dcatalina.home=C:\Librerias\apache-tomcat-10.1.13
07-Nov-2023 13:15:43.089 INFO [main] org.apache.catalina.startup.VersionLoggerListener.log Command line argument:             -Djava.io.tmpdir=C:\Librerias\apache-tomcat-10.1.13\temp
07-Nov-2023 13:15:43.221 INFO [main] org.apache.catalina.core.AprLifecycleListener.lifecycleEvent Cargada la biblioteca nativa APR de Apache Tomcat [2.0.5] con la versión APR [1.7.4].
07-Nov-2023 13:15:43.446 INFO [main] org.apache.catalina.core.AprLifecycleListener.initializeSSL OpenSSL inicializado correctamente [OpenSSL 3.0.10 1 Aug 2023]
07-Nov-2023 13:15:44.208 INFO [main] org.apache.coyote.AbstractProtocol.init Inicializando el manejador de protocolo ["http-nio-8080"]

07-Nov-2023 13:15:44.442 INFO [main] org.apache.catalina.startup.Catalina.load Server initialization in [1980] milliseconds
07-Nov-2023 13:15:44.897 INFO [main] org.apache.catalina.core.StandardService.startInternal Arrancando servicio [Catalina]
07-Nov-2023 13:15:44.898 INFO [main] org.apache.catalina.core.StandardEngine.startInternal Starting Servlet engine: [Apache Tomcat/10.1.13]
07-Nov-2023 13:15:45.023 INFO [main] org.apache.catalina.startup.HostConfig.deployDescriptor Desplieque del descriptor de configuración [C:\Librerias\apache-tomcat-10.1.13\conf\Catalina\localhost\Act8_ApiPost.xml]
07-Nov-2023 13:15:45.103 WARNING [main] org.apache.catalina.startup.HostConfig.deployDescriptor The path attribute with value [/Act8_ApiPost] in deployment descriptor [C:\Librerias\apache-tomcat-10.1.13\conf\Catalina\localhost\Act8_ApiPost.xml] has been ignored
07-Nov-2023 13:15:45.203 SEVERE [main] org.apache.catalina.startup.HostConfig.deployDescriptor Error durante el despliegue del descriptor de configuración [C:\Librerias\apache-tomcat-10.1.13\conf\Catalina\localhost\Act8_ApiPost.xml]
	java.lang.IllegalStateException: Error starting child
		at org.apache.catalina.core.ContainerBase.addChildInternal(ContainerBase.java:686)
		at org.apache.catalina.core.ContainerBase.addChild(ContainerBase.java:658)
		at org.apache.catalina.core.StandardHost.addChild(StandardHost.java:713)
		at org.apache.catalina.startup.HostConfig.deployDescriptor(HostConfig.java:641)
		at org.apache.catalina.startup.HostConfig$DeployDescriptor.run(HostConfig.java:1927)
		at java.base/java.util.concurrent.Executors$RunnableAdapter.call(Executors.java:539)
		at java.base/java.util.concurrent.FutureTask.run(FutureTask.java:264)
		at org.apache.tomcat.util.threads.InlineExecutorService.execute(InlineExecutorService.java:75)
		at java.base/java.util.concurrent.AbstractExecutorService.submit(AbstractExecutorService.java:123)
		at org.apache.catalina.startup.HostConfig.deployDescriptors(HostConfig.java:534)
		at org.apache.catalina.startup.HostConfig.deployApps(HostConfig.java:424)
		at org.apache.catalina.startup.HostConfig.start(HostConfig.java:1656)
		at org.apache.catalina.startup.HostConfig.lifecycleEvent(HostConfig.java:309)
		at org.apache.catalina.util.LifecycleBase.fireLifecycleEvent(LifecycleBase.java:114)
		at org.apache.catalina.util.LifecycleBase.setStateInternal(LifecycleBase.java:402)
		at org.apache.catalina.util.LifecycleBase.setState(LifecycleBase.java:345)
		at org.apache.catalina.core.ContainerBase.startInternal(ContainerBase.java:893)
		at org.apache.catalina.core.StandardHost.startInternal(StandardHost.java:846)
		at org.apache.catalina.util.LifecycleBase.start(LifecycleBase.java:171)
		at org.apache.catalina.core.ContainerBase$StartChild.call(ContainerBase.java:1332)
		at org.apache.catalina.core.ContainerBase$StartChild.call(ContainerBase.java:1322)
		at java.base/java.util.concurrent.FutureTask.run(FutureTask.java:264)
		at org.apache.tomcat.util.threads.InlineExecutorService.execute(InlineExecutorService.java:75)
		at java.base/java.util.concurrent.AbstractExecutorService.submit(AbstractExecutorService.java:145)
		at org.apache.catalina.core.ContainerBase.startInternal(ContainerBase.java:866)
		at org.apache.catalina.core.StandardEngine.startInternal(StandardEngine.java:241)
		at org.apache.catalina.util.LifecycleBase.start(LifecycleBase.java:171)
		at org.apache.catalina.core.StandardService.startInternal(StandardService.java:433)
		at org.apache.catalina.util.LifecycleBase.start(LifecycleBase.java:171)
		at org.apache.catalina.core.StandardServer.startInternal(StandardServer.java:918)
		at org.apache.catalina.util.LifecycleBase.start(LifecycleBase.java:171)
		at org.apache.catalina.startup.Catalina.start(Catalina.java:795)
		at java.base/jdk.internal.reflect.NativeMethodAccessorImpl.invoke0(Native Method)
		at java.base/jdk.internal.reflect.NativeMethodAccessorImpl.invoke(NativeMethodAccessorImpl.java:77)
		at java.base/jdk.internal.reflect.DelegatingMethodAccessorImpl.invoke(DelegatingMethodAccessorImpl.java:43)
		at java.base/java.lang.reflect.Method.invoke(Method.java:568)
		at org.apache.catalina.startup.Bootstrap.start(Bootstrap.java:347)
		at org.apache.catalina.startup.Bootstrap.main(Bootstrap.java:478)
	Caused by: org.apache.catalina.LifecycleException: Failed to start component [org.apache.catalina.webresources.StandardRoot@7d7758be]
		at org.apache.catalina.util.LifecycleBase.handleSubClassException(LifecycleBase.java:419)
		at org.apache.catalina.util.LifecycleBase.start(LifecycleBase.java:186)
		at org.apache.catalina.core.StandardContext.resourcesStart(StandardContext.java:4535)
		at org.apache.catalina.core.StandardContext.startInternal(StandardContext.java:4668)
		at org.apache.catalina.util.LifecycleBase.start(LifecycleBase.java:171)
		at org.apache.catalina.core.ContainerBase.addChildInternal(ContainerBase.java:683)
		... 37 more
	Caused by: java.lang.IllegalArgumentException: The main resource set specified [C:\Users\Diego UTL\Documents\NetBeansProjects\Act8_ApiPost\build\web] is not a directory or war file, or is not readable (it does not exist or permissions to access it are missing)
		at org.apache.catalina.webresources.StandardRoot.createMainResourceSet(StandardRoot.java:749)
		at org.apache.catalina.webresources.StandardRoot.startInternal(StandardRoot.java:707)
		at org.apache.catalina.util.LifecycleBase.start(LifecycleBase.java:171)
		... 41 more
07-Nov-2023 13:15:45.253 INFO [main] org.apache.catalina.startup.HostConfig.deployDescriptor Deployment of deployment descriptor [C:\Librerias\apache-tomcat-10.1.13\conf\Catalina\localhost\Act8_ApiPost.xml] has finished in [194] ms
07-Nov-2023 13:15:45.253 INFO [main] org.apache.catalina.startup.HostConfig.deployDescriptor Desplieque del descriptor de configuración [C:\Librerias\apache-tomcat-10.1.13\conf\Catalina\localhost\Act8_Post.xml]
07-Nov-2023 13:15:45.377 WARNING [main] org.apache.catalina.startup.HostConfig.deployDescriptor The path attribute with value [/Act8_Post] in deployment descriptor [C:\Librerias\apache-tomcat-10.1.13\conf\Catalina\localhost\Act8_Post.xml] has been ignored
07-Nov-2023 13:15:50.595 INFO [main] org.apache.jasper.servlet.TldScanner.scanJars Al menos un JAR, que se ha explorado buscando TLDs, aún no contenía TLDs. Activar historial de depuración para este historiador para una completa lista de los JARs que fueron explorados y de los que nos se halló TLDs. Saltarse JARs no necesarios durante la exploración puede dar lugar a una mejora de tiempo significativa en el arranque y compilación de JSP .
07-Nov-2023 13:15:50.963 INFO [main] org.apache.catalina.startup.HostConfig.deployDescriptor Deployment of deployment descriptor [C:\Librerias\apache-tomcat-10.1.13\conf\Catalina\localhost\Act8_Post.xml] has finished in [5.710] ms
07-Nov-2023 13:15:50.964 INFO [main] org.apache.catalina.startup.HostConfig.deployDescriptor Desplieque del descriptor de configuración [C:\Librerias\apache-tomcat-10.1.13\conf\Catalina\localhost\Api_Post.xml]
07-Nov-2023 13:15:50.968 WARNING [main] org.apache.catalina.startup.HostConfig.deployDescriptor The path attribute with value [/Api_Post] in deployment descriptor [C:\Librerias\apache-tomcat-10.1.13\conf\Catalina\localhost\Api_Post.xml] has been ignored
07-Nov-2023 13:15:53.075 INFO [main] org.apache.jasper.servlet.TldScanner.scanJars Al menos un JAR, que se ha explorado buscando TLDs, aún no contenía TLDs. Activar historial de depuración para este historiador para una completa lista de los JARs que fueron explorados y de los que nos se halló TLDs. Saltarse JARs no necesarios durante la exploración puede dar lugar a una mejora de tiempo significativa en el arranque y compilación de JSP .
07-Nov-2023 13:15:53.130 INFO [main] org.apache.catalina.startup.HostConfig.deployDescriptor Deployment of deployment descriptor [C:\Librerias\apache-tomcat-10.1.13\conf\Catalina\localhost\Api_Post.xml] has finished in [2.165] ms
07-Nov-2023 13:15:53.130 INFO [main] org.apache.catalina.startup.HostConfig.deployDescriptor Desplieque del descriptor de configuración [C:\Librerias\apache-tomcat-10.1.13\conf\Catalina\localhost\ConectaBD.xml]
07-Nov-2023 13:15:53.238 WARNING [main] org.apache.catalina.startup.HostConfig.deployDescriptor The path attribute with value [/ConectaBD] in deployment descriptor [C:\Librerias\apache-tomcat-10.1.13\conf\Catalina\localhost\ConectaBD.xml] has been ignored
07-Nov-2023 13:15:56.315 INFO [main] org.apache.jasper.servlet.TldScanner.scanJars Al menos un JAR, que se ha explorado buscando TLDs, aún no contenía TLDs. Activar historial de depuración para este historiador para una completa lista de los JARs que fueron explorados y de los que nos se halló TLDs. Saltarse JARs no necesarios durante la exploración puede dar lugar a una mejora de tiempo significativa en el arranque y compilación de JSP .
07-Nov-2023 13:15:56.384 INFO [main] org.apache.catalina.startup.HostConfig.deployDescriptor Deployment of deployment descriptor [C:\Librerias\apache-tomcat-10.1.13\conf\Catalina\localhost\ConectaBD.xml] has finished in [3.254] ms
07-Nov-2023 13:15:56.384 INFO [main] org.apache.catalina.startup.HostConfig.deployDescriptor Desplieque del descriptor de configuración [C:\Librerias\apache-tomcat-10.1.13\conf\Catalina\localhost\ConversionDivisas.xml]
07-Nov-2023 13:15:56.385 WARNING [main] org.apache.catalina.startup.HostConfig.deployDescriptor The path attribute with value [/ConversionDivisas] in deployment descriptor [C:\Librerias\apache-tomcat-10.1.13\conf\Catalina\localhost\ConversionDivisas.xml] has been ignored
07-Nov-2023 13:15:58.227 INFO [main] org.apache.jasper.servlet.TldScanner.scanJars Al menos un JAR, que se ha explorado buscando TLDs, aún no contenía TLDs. Activar historial de depuración para este historiador para una completa lista de los JARs que fueron explorados y de los que nos se halló TLDs. Saltarse JARs no necesarios durante la exploración puede dar lugar a una mejora de tiempo significativa en el arranque y compilación de JSP .
07-Nov-2023 13:15:58.306 INFO [main] org.apache.catalina.startup.HostConfig.deployDescriptor Deployment of deployment descriptor [C:\Librerias\apache-tomcat-10.1.13\conf\Catalina\localhost\ConversionDivisas.xml] has finished in [1.922] ms
07-Nov-2023 13:15:58.307 INFO [main] org.apache.catalina.startup.HostConfig.deployDescriptor Desplieque del descriptor de configuración [C:\Librerias\apache-tomcat-10.1.13\conf\Catalina\localhost\Hola_API.xml]
07-Nov-2023 13:15:58.310 WARNING [main] org.apache.catalina.startup.HostConfig.deployDescriptor The path attribute with value [/Hola_API] in deployment descriptor [C:\Librerias\apache-tomcat-10.1.13\conf\Catalina\localhost\Hola_API.xml] has been ignored
07-Nov-2023 13:15:59.690 INFO [main] org.apache.jasper.servlet.TldScanner.scanJars Al menos un JAR, que se ha explorado buscando TLDs, aún no contenía TLDs. Activar historial de depuración para este historiador para una completa lista de los JARs que fueron explorados y de los que nos se halló TLDs. Saltarse JARs no necesarios durante la exploración puede dar lugar a una mejora de tiempo significativa en el arranque y compilación de JSP .
07-Nov-2023 13:15:59.730 INFO [main] org.apache.catalina.startup.HostConfig.deployDescriptor Deployment of deployment descriptor [C:\Librerias\apache-tomcat-10.1.13\conf\Catalina\localhost\Hola_API.xml] has finished in [1.423] ms
07-Nov-2023 13:15:59.730 INFO [main] org.apache.catalina.startup.HostConfig.deployDescriptor Desplieque del descriptor de configuración [C:\Librerias\apache-tomcat-10.1.13\conf\Catalina\localhost\Post_Practica.xml]
07-Nov-2023 13:15:59.732 WARNING [main] org.apache.catalina.startup.HostConfig.deployDescriptor The path attribute with value [/Post_Practica] in deployment descriptor [C:\Librerias\apache-tomcat-10.1.13\conf\Catalina\localhost\Post_Practica.xml] has been ignored
07-Nov-2023 13:16:01.351 INFO [main] org.apache.jasper.servlet.TldScanner.scanJars Al menos un JAR, que se ha explorado buscando TLDs, aún no contenía TLDs. Activar historial de depuración para este historiador para una completa lista de los JARs que fueron explorados y de los que nos se halló TLDs. Saltarse JARs no necesarios durante la exploración puede dar lugar a una mejora de tiempo significativa en el arranque y compilación de JSP .
07-Nov-2023 13:16:01.404 INFO [main] org.apache.catalina.startup.HostConfig.deployDescriptor Deployment of deployment descriptor [C:\Librerias\apache-tomcat-10.1.13\conf\Catalina\localhost\Post_Practica.xml] has finished in [1.674] ms
07-Nov-2023 13:16:01.404 INFO [main] org.apache.catalina.startup.HostConfig.deployDescriptor Desplieque del descriptor de configuración [C:\Librerias\apache-tomcat-10.1.13\conf\Catalina\localhost\SignoZodiacoApi.xml]
07-Nov-2023 13:16:01.406 WARNING [main] org.apache.catalina.startup.HostConfig.deployDescriptor The path attribute with value [/SignoZodiacoApi] in deployment descriptor [C:\Librerias\apache-tomcat-10.1.13\conf\Catalina\localhost\SignoZodiacoApi.xml] has been ignored
07-Nov-2023 13:16:03.132 INFO [main] org.apache.jasper.servlet.TldScanner.scanJars Al menos un JAR, que se ha explorado buscando TLDs, aún no contenía TLDs. Activar historial de depuración para este historiador para una completa lista de los JARs que fueron explorados y de los que nos se halló TLDs. Saltarse JARs no necesarios durante la exploración puede dar lugar a una mejora de tiempo significativa en el arranque y compilación de JSP .
07-Nov-2023 13:16:03.199 INFO [main] org.apache.catalina.startup.HostConfig.deployDescriptor Deployment of deployment descriptor [C:\Librerias\apache-tomcat-10.1.13\conf\Catalina\localhost\SignoZodiacoApi.xml] has finished in [1.794] ms
07-Nov-2023 13:16:03.200 INFO [main] org.apache.catalina.startup.HostConfig.deployDirectory Desplegando el directorio [C:\Librerias\apache-tomcat-10.1.13\webapps\docs] de la aplicación web
07-Nov-2023 13:16:04.149 INFO [main] org.apache.catalina.startup.HostConfig.deployDirectory Deployment of web application directory [C:\Librerias\apache-tomcat-10.1.13\webapps\docs] has finished in [949] ms
07-Nov-2023 13:16:04.151 INFO [main] org.apache.catalina.startup.HostConfig.deployDirectory Desplegando el directorio [C:\Librerias\apache-tomcat-10.1.13\webapps\examples] de la aplicación web
07-Nov-2023 13:16:07.287 INFO [main] org.apache.catalina.startup.HostConfig.deployDirectory Deployment of web application directory [C:\Librerias\apache-tomcat-10.1.13\webapps\examples] has finished in [3.133] ms
07-Nov-2023 13:16:07.288 INFO [main] org.apache.catalina.startup.HostConfig.deployDirectory Desplegando el directorio [C:\Librerias\apache-tomcat-10.1.13\webapps\host-manager] de la aplicación web
07-Nov-2023 13:16:07.464 INFO [main] org.apache.catalina.startup.HostConfig.deployDirectory Deployment of web application directory [C:\Librerias\apache-tomcat-10.1.13\webapps\host-manager] has finished in [176] ms
07-Nov-2023 13:16:07.464 INFO [main] org.apache.catalina.startup.HostConfig.deployDirectory Desplegando el directorio [C:\Librerias\apache-tomcat-10.1.13\webapps\manager] de la aplicación web
07-Nov-2023 13:16:07.778 INFO [main] org.apache.catalina.startup.HostConfig.deployDirectory Deployment of web application directory [C:\Librerias\apache-tomcat-10.1.13\webapps\manager] has finished in [314] ms
07-Nov-2023 13:16:07.779 INFO [main] org.apache.catalina.startup.HostConfig.deployDirectory Desplegando el directorio [C:\Librerias\apache-tomcat-10.1.13\webapps\ROOT] de la aplicación web
07-Nov-2023 13:16:07.897 INFO [main] org.apache.catalina.startup.HostConfig.deployDirectory Deployment of web application directory [C:\Librerias\apache-tomcat-10.1.13\webapps\ROOT] has finished in [117] ms
07-Nov-2023 13:16:07.902 INFO [main] org.apache.coyote.AbstractProtocol.start Starting ProtocolHandler ["http-nio-8080"]
07-Nov-2023 13:16:08.137 INFO [main] org.apache.catalina.startup.Catalina.start Server startup in [23693] milliseconds
07-Nov-2023 13:16:26.137 WARNING [http-nio-8080-exec-4] org.glassfish.jersey.message.internal.MessagingBinders$EnabledProvidersBinder.bindToBinder A class jakarta.activation.DataSource for a default provider MessageBodyWriter<jakarta.activation.DataSource> was not found. The provider is not available.
07-Nov-2023 13:16:26.193 WARNING [http-nio-8080-exec-4] org.glassfish.jersey.server.wadl.WadlFeature.configure JAX-B API not found . WADL feature is disabled.
07-Nov-2023 21:48:40.245 INFO [main] org.apache.catalina.core.StandardServer.await Se ha recibido un comando de apagado a través del puerto de apagado. Parando la instancia del Servidor.
07-Nov-2023 21:48:40.255 INFO [main] org.apache.coyote.AbstractProtocol.pause Pausing ProtocolHandler ["http-nio-8080"]
07-Nov-2023 21:48:40.290 INFO [main] org.apache.catalina.core.StandardService.stopInternal Parando servicio [Catalina]
07-Nov-2023 21:48:41.036 WARNING [main] org.apache.catalina.loader.WebappClassLoaderBase.clearReferencesJdbc La aplicación web [ConectaBD] registró el conductor JDBC [com.mysql.cj.jdbc.Driver] pero falló al anular el registro mientras la aplicación web estaba parada. Para prevenir un fallo de memoria, se ha anulado el registro del conductor JDBC por la fuerza.
07-Nov-2023 21:48:41.037 WARNING [main] org.apache.catalina.loader.WebappClassLoaderBase.clearReferencesThreads The web application [ConectaBD] appears to have started a thread named [mysql-cj-abandoned-connection-cleanup] but has failed to stop it. This is very likely to create a memory leak. Stack trace of thread:
 java.base@17.0.8/java.lang.Object.wait(Native Method)
 java.base@17.0.8/java.lang.ref.ReferenceQueue.remove(ReferenceQueue.java:155)
 com.mysql.cj.jdbc.AbandonedConnectionCleanupThread.run(AbandonedConnectionCleanupThread.java:91)
 java.base@17.0.8/java.util.concurrent.ThreadPoolExecutor.runWorker(ThreadPoolExecutor.java:1136)
 java.base@17.0.8/java.util.concurrent.ThreadPoolExecutor$Worker.run(ThreadPoolExecutor.java:635)
 java.base@17.0.8/java.lang.Thread.run(Thread.java:833)
07-Nov-2023 21:48:41.073 INFO [main] org.apache.coyote.AbstractProtocol.stop Stopping ProtocolHandler ["http-nio-8080"]
07-Nov-2023 21:48:41.093 INFO [main] org.apache.coyote.AbstractProtocol.destroy Destroying ProtocolHandler ["http-nio-8080"]
